========== Ioncube_Decoder 1.1.40  LogFile ==========

=========> S t a g e  0  -  Getting RawData (UnBase64-Raw.bin)

Opening C:\AppServ\www\siakad\tampilan\standar\siteheader.php
000003AF -> Start of ionCubeData...
000009DB -> 0000062C Bytes read.
IC_Base64_Marker: '4+oV' Decoding Base64->Bin...

=========> S t a g e  1  -  Validating RawData

ionCubeVersionType: 3CCC22E1 [Encrypted: 149FEC13]
ioncube_Version_Type 3

=========> S t a g e  2  -  Processing RawData

RawBinData_Size: 0000083D
FileSizeKey: 2395B480 (RawBinData_Size + 12321) Xor &H23958CDE
Header_FileSizeKey: 2395B4BE
Header_FileSizeKey and FileSizeKey are different! (Difference: 0000003E)
Note: RawBinData_Size calculate from Header_FileSizeKey is: 00000843  (Difference: 00000006)
Header_Size: 000000BE (InitKey for MT: 46CF74A9)
Adler32_CRC for 'IC_Raw[0004]..[00DD]' and calculated MATCH. CRC: A43E7219

=========> S t a g e  3  -  Extracting Header from RawData (->IC_Header.bin)


=========> S t a g e  4  -  Interpreting IC_Header

Minimum Loader Version: 00.00.00 (for ex. ioncube_loader_win_4.3.dll requires >0301010)
VerData 0x00000003
ObfuFlags 00000000 00000000

ObfuFuncHashSeed: 
Bytecode_XorKey: 92A764C5
 -> The Encoder uses '0x92A764C5' to overwrite/delete the real bytecode key - since there is a LicenseFile(+enforceLicense) from which that value should be retrieved. (However don't worry we'll be able to calcuate that value if there is not LicFile. :)
IncludeXorKey[should be 0xE9FC23B1]: E9FC23B1
LicenseFile: lisensi.txt
DisableCheckingOfLicenseRestrictions: 0
LicensePassphrase: lisensi
CustomErrCallbackHandler: 'ioncube_event_handler'
Enable_auto_prepend_Append_file: 0
Customised error messages entries: 0x00
Include file protection entries: 0x00
Adler32_CRC for '<?php //... ?>' and calculated MATCH. CRC: EB60391D
IC_HeaderEx start: 0086
IC_HeaderEx end: 00AE   IC_Header HeaderSize: 00BE

=========> S t a g e  5  -  Interpreting IC_HeaderEx

0001 <-IC_Type_Minor
0005 <-IC_Type_Major
The file [%s] was encoded with the PHP 5 ionCube Encoder, and requires PHP 5 to be installed.
00000CE7 <-PhpFlags
  0x0001  0001
  0x0002  0002 
  0x0004  0004 
  0x0020  Allow run with untrusted server extensions
  0x0040  PHP5_Body
  0x0080  CmdBytesAreEncrypted
  0x0400  EncryptStrings[KeyWord.c_Object] in memory during Compile& Execute
  0x0800  ObfuscateStripLineNumbers

IC Encoder Registration data(MemberID): 0x10050603  30754
Calculate ByteCode_Key ('0x363432' + sum of the chars from LicensePassphrase): 00363729
Overwrite ByteCode_Key to : 0x00363729
Bytecode_MT_XorKey: 00363729
Copy of IncludeXorKey in Header_MoreData: 0xE9FC23B1
unknown Data: 8501A8C0 E3FC1B00 2690 00 00
EvalTimeMin: 4/16/2012 8:10:00 AM   128330D1 '+0500DA46'=>4F8BD3D8 seconds since 1.1.1970
EvalTimeMax: 4/16/2012 8:10:00 AM   4A8AF992 '+3D08A307'=>4F8BD3D8 seconds since 1.1.1970
BodyStartOffset: 0x000000E5

=========> S t a g e  6  -  Extracting & Inflating IC_body from RawData (->IC_body.bin)

000000E9  Body_MT_Seed: E2F5041E
000000ED  Bytecode_MT_Seed: D3B4CE80

=========> S t a g e  7  -  Reading IC_body.bin


=========> S t a g e  8  -  Read function body data

Reading Body
00000008 -> 00000002
S2[Fixed Size 0x70]:
0000007A ->  09090902
 Skipped3 ->  00000000
 FuncNameStart ->  00000000 0D3B303D
 CmdData ->  00000000
 Args ->  00000000
 ArgsMin ->  00000000
 php4Extra ->  026BAA48 32200020 02490630 04823D78 00000021 00000021
 Skipped1 ->  00000013 00000000 00000000
 PHPFileNamePtr ->  FFFFFFFF
 Php5-O1  00000000
 Php5-O1Count  00000000 00000000 00000000 00000000 0D3B0000 04098D58 7D090909 09090A0D 00000000 00000000
 
00000079 -> FunctionName:  static function {MainFunction}
 
00000082 -> 00000021<-CmdCount
byteCmds[Elementsize=0x2] Elements: 00000025
Command(Encrypted)
------------------
041A
011D
04C5
0110
07F7
07F4
0751
1E9F
003D
093D
072A
0746
04A0
01B1
07DC
0786
07D4
07D7
07D8
0708
1E44
003D
1EBE
003D
192A
0002
07C5
078E
0755
0760
0705
075E
073D
07A3
0223
02F6
0095
CmdParams[Elementsize=0x14] Elements: 00000049
Type      Op1       Op2       Flags5    Flags
---------------------------------------------
00000001   00000002   0000000B   00000002   00420103
00000004   00000000   00000001   00000000   00000000
00000001   FFFFFF7F   00000004   00000002   00420103
00000002   00000030   00000000   00000000   00000000
00000004   00000048   00000000   00000000   00000000
00000001   0000000E   00000009   00000002   00420103
00000008   00000000   00000001   00000000   00000000
00000002   00000030   00000000   00000000   00000000
00000002   00000030   00000000   00000000   00000000
00000004   00000048   00000000   00000000   00000000
00000002   00000030   00000000   00000000   00000000
00000002   00000030   00000000   00000000   00000000
00000001   00000018   00000009   00000002   00420103
00000002   00000030   00000000   00000000   00000000
00000008   00000001   00000000   00000000   00000000
00000004   00000060   00000000   00000000   00000000
00000004   00000018   00000000   00000000   00000000
00000001   00000022   00000004   00000002   00420103
00000008   00000000   00000001   00000000   00000000
00000004   00000078   00000001   00000000   00000000
00000004   00000018   00000010   00000000   00000000
00000004   00000060   00000008   00000000   00000000
00000001   00000028   0000000C   00000002   00420103
00000002   000000A8   00000000   00000000   00000000
00000004   000000C0   00000000   00000000   00000000
00000001   00000036   00000009   00000002   00420103
00000008   00000000   00000001   00000000   00000000
00000002   000000A8   00000000   00000000   00000000
00000002   000000A8   00000000   00000000   00000000
00000004   000000C0   00000000   00000000   00000000
00000002   000000A8   00000000   00000000   00000000
00000002   000000A8   00000000   00000000   00000000
00000001   00000040   00000001   00000002   00420103
00000004   000000D8   00000000   00000000   00000000
00000001   00000042   00000004   00000002   00420103
00000008   00000000   00000001   00000000   00000000
00000004   000000F0   00000000   00000000   00000000
00000004   000000D8   00000000   00000000   00000000
00000001   00000048   00000001   00000002   00420103
00000002   000000A8   00000000   00000000   00000000
00000002   000000A8   00000000   00000000   00000000
00000004   000000F0   00000000   00000000   00000000
00000002   000000A8   00000000   00000000   00000000
00000008   00000001   00000000   00000000   00000000
00000001   0000003C   00000001   00000002   00420101
00000008   00000002   00000000   00000000   00000000
00000004   00000108   00000000   00000000   00000000
00000004   00000090   00000000   00000000   00000000
00000001   0000004A   00000004   00000002   00420103
00000008   00000000   00000001   00000000   00000000
00000004   00000120   00000001   00000000   00000000
00000004   00000090   00000010   00000000   00000000
00000004   00000108   00000008   00000000   00000000
00000004   00000138   00000000   00000000   00000000
00000001   00000050   00000009   00000002   00420103
00000008   00000000   00000001   00000000   00000000
00000002   00000150   00000000   00000000   00000000
00000001   0000005A   0000014B   00000002   00420103
00000004   00000138   00000010   00000000   00000000
00000002   00000168   00000000   00000000   00000000
00000002   00000150   00000000   00000000   00000000
00000001   000001A6   00000099   00000002   00420103
00000004   00000180   00000000   00000000   00000000
00000001   00000240   00000009   00000002   00420103
00000008   00000000   00000001   00000000   00000000
00000002   00000198   00000000   00000000   00000000
00000002   00000168   00000000   00000000   00000000
00000004   00000180   00000010   00000000   00000000
00000002   000001B0   00000000   00000000   00000000
00000002   00000198   00000000   00000000   00000000
00000001   0000024A   00000125   00000002   00420103
00000002   000001B0   00000000   00000000   00000000
00000001   00000001   00000038   00000002   00120101
StringData [00000370]
000009FC -> C0 DE 70 65 72 69 6B 73 61 72 6F 6F 74 00 64 69 72 67 61 6D 62 61 72 00 2F 6C 6F 67 6F 2E 74 78 74 00 6C 6F 67 6F 00 00 69 6D 67 73 69 7A 65 70 72 6F 70 68 00 00 64 69 72 67 61 6D 62 61 72 00 2F 00 6C 6F 67 6F 00 00 30 00 73 69 7A 65 00 00 64 69 72 67 61 6D 62 61 72 00 0D 0A 09 3C 64 69 76 20 69 64 3D 27 73 69 74 65 48 65 61 64 65 72 27 3E 3C 61 6C 69 67 6E 3D 6C 65 66 74 3E 0D 0A 20 20 3C 74 61 62 6C 65 20 77 69 64 74 68 3D 31 30 30 25 3E 0D 0A 20 20 3C 74 72 3E 3C 74 64 20 61 6C 69 67 6E 3D 72 69 67 68 74 3E 20 20 09 09 0D 0A 3C 6F 62 6A 65 63 74 20 63 6C 61 73 73 69 64 3D 27 63 6C 73 69 64 3A 64 32 37 63 64 62 36 65 2D 61 65 36 64 2D 31 31 63 66 2D 39 36 62 38 2D 34 34 34 35 35 33 35 34 30 30 30 30 27 20 0D 0A 0D 0A 63 6F 64 65 62 61 73 65 3D 27 68 74 74 70 3A 2F 2F 64 6F 77 6E 6C 6F 61 64 2E 6D 61 63 72 6F 6D 65 64 69 61 2E 63 6F 6D 2F 70 75 62 2F 73 68 6F 63 6B 77 61 76 65 2F 0D 0A 63 61 62 73 2F 66 6C 61 73 68 2F 73 77 66 6C 61 73 68 2E 63 61 62 23 76 65 72 73 69 6F 6E 3D 36 2C 30 2C 34 30 2
ÀÞperiksaroot.dirgambar./logo.txt.logo..imgsizeproph..dirgambar./.logo..0.size..dirgambar.
	<div id='siteHeader'><align=left>
  <table width=100%>
  <tr><td align=right>  		
<object classid='clsid:d27cdb6e-ae6d-11cf-96b8-444553540000' 

codebase='http://download.macromedia.com/pub/shockwave/
cabs/flash/swflash.cab#version=6,0,40,0' 
width='850' height=200  
  id='mymoviename'> 

<param name='movie'  value='./headerimg.swf' /

width='850' height=200 
> 
 
<param name='quality' value='high' /> 

<param name='bgcolor' value='#ffffff' /> 

<embed src=''.dirgambar./headerimg.swf'' quality='high' bgcolor='#ffffff'

width='850' height=200 

name='mymoviename' align='right' type='application/x-shockwave-flash' 

pluginspage='http://www.macromedia.com/go/getflashplayer'> 


</embed> 

</object> 
</td></tr></table>

 		</div><!--siteHeader -->.
Length of unprocessed data: 00000004

=========> S t a g e  9  -  Interpreting IC_body/ByteCode

#0000: 0x3B ZEND_INIT_FCALL_BY_NAME   LineNo: 0x0000  Flags: 0x04()
op2   : 01->CONST   00000002 0000000B  02  03->STRING 01->ref 0042
        KeyWord: periksaroot
----------------------------------------------------------------
[1] 'periksaroot
______________________________________________________________________
#0001: 0x3D ZEND_DO_FCALL_BY_NAME   LineNo: 0x0000  Flags: 0x01()
result: 04->VAR     00000000 00000001  00  00->NULL   00->val 0000
====================================================================
periksaroot();
______________________________________________________________________
#0002: 0x3B ZEND_INIT_FCALL_BY_NAME   LineNo: 0x0000  Flags: 0x04()
op2   : 01->CONST   FFFFFF7F 00000004  02  03->STRING 01->ref 0042
        KeyWord: file
----------------------------------------------------------------
[1] 'file
______________________________________________________________________
#0003: 0x35 ZEND_INIT_STRING   LineNo: 0x0000  Flags: 0x01()
result: 02->TMP_VAR 00000030 00000000  00  00->NULL   00->val 0000
----------------------------------------------------------------
[1] 'file
______________________________________________________________________
#0004: 0x50 ZEND_FETCH_R   LineNo: 0x0000  Flags: 0x07()
result: 04->VAR     00000048 00000000  00  00->NULL   00->val 0000
op1   : 01->CONST   0000000E 00000009  02  03->STRING 01->ref 0042
        KeyWord: dirgambar
op2   : 08->UNUSED  00000000 00000001  00  00->NULL   00->val 0000
----------------------------------------------------------------
[1] 'file
[2] '$dirgambar
______________________________________________________________________
#0005: 0x38 ZEND_ADD_VAR   LineNo: 0x0000  Flags: 0x07()
result: 02->TMP_VAR 00000030 00000000  00  00->NULL   00->val 0000
op1   : 02->TMP_VAR 00000030 00000000  00  00->NULL   00->val 0000
op2   : 04->VAR     00000048 00000000  00  00->NULL   00->val 0000
----------------------------------------------------------------
[1] 'file
______________________________________________________________________
#0006: 0x37 ZEND_ADD_STRING   LineNo: 0x0000  Flags: 0x07()
result: 02->TMP_VAR 00000030 00000000  00  00->NULL   00->val 0000
op1   : 02->TMP_VAR 00000030 00000000  00  00->NULL   00->val 0000
op2   : 01->CONST   00000018 00000009  02  03->STRING 01->ref 0042
        KeyWord: /logo.txt
----------------------------------------------------------------
[1] 'file
______________________________________________________________________
#0007: 0x41 ZEND_SEND_VAL   LineNo: 0x0000  Flags: 0x1E()
op1   : 02->TMP_VAR 00000030 00000000  00  00->NULL   00->val 0000
op2   : 08->UNUSED  00000001 00000000  00  00->NULL   00->val 0000
        extended_value(from File): 003D
----------------------------------------------------------------
[1] 'file
______________________________________________________________________
#0008: 0x95 ZEND_HANDLE_EXCEPTION   LineNo: 0x0000  Flags: 0x09()
result: 04->VAR     00000060 00000000  00  00->NULL   00->val 0000
        extended_value(from Flag): 0001
----------------------------------------------------------------
[1] 'file
______________________________________________________________________
#0009: 0x53 ZEND_FETCH_W   LineNo: 0x0000  Flags: 0x07()
result: 04->VAR     00000018 00000000  00  00->NULL   00->val 0000
op1   : 01->CONST   00000022 00000004  02  03->STRING 01->ref 0042
        KeyWord: logo
op2   : 08->UNUSED  00000000 00000001  00  00->NULL   00->val 0000
----------------------------------------------------------------
[1] 'file
[2] '$logo
______________________________________________________________________
#000A: 0x26 ZEND_ASSIGN   LineNo: 0x0000  Flags: 0x07()
result: 04->VAR     00000078 00000001  00  00->NULL   00->val 0000
op1   : 04->VAR     00000018 00000010  00  00->NULL   00->val 0000
op2   : 04->VAR     00000060 00000008  00  00->NULL   00->val 0000
----------------------------------------------------------------
[1] 'file
Correcting Stack error...
====================================================================
file;
______________________________________________________________________
#000B: 0x3B ZEND_INIT_FCALL_BY_NAME   LineNo: 0x0000  Flags: 0x04()
op2   : 01->CONST   00000028 0000000C  02  03->STRING 01->ref 0042
        KeyWord: imgsizeproph
----------------------------------------------------------------
[1] 'imgsizeproph
______________________________________________________________________
#000C: 0x35 ZEND_INIT_STRING   LineNo: 0x0000  Flags: 0x01()
result: 02->TMP_VAR 000000A8 00000000  00  00->NULL   00->val 0000
----------------------------------------------------------------
[1] 'imgsizeproph
______________________________________________________________________
#000D: 0x50 ZEND_FETCH_R   LineNo: 0x0000  Flags: 0x07()
result: 04->VAR     000000C0 00000000  00  00->NULL   00->val 0000
op1   : 01->CONST   00000036 00000009  02  03->STRING 01->ref 0042
        KeyWord: dirgambar
op2   : 08->UNUSED  00000000 00000001  00  00->NULL   00->val 0000
----------------------------------------------------------------
[1] 'imgsizeproph
[2] '$dirgambar
______________________________________________________________________
#000E: 0x38 ZEND_ADD_VAR   LineNo: 0x0000  Flags: 0x07()
result: 02->TMP_VAR 000000A8 00000000  00  00->NULL   00->val 0000
op1   : 02->TMP_VAR 000000A8 00000000  00  00->NULL   00->val 0000
op2   : 04->VAR     000000C0 00000000  00  00->NULL   00->val 0000
----------------------------------------------------------------
[1] 'imgsizeproph
______________________________________________________________________
#000F: 0x37 ZEND_ADD_STRING   LineNo: 0x0000  Flags: 0x07()
result: 02->TMP_VAR 000000A8 00000000  00  00->NULL   00->val 0000
op1   : 02->TMP_VAR 000000A8 00000000  00  00->NULL   00->val 0000
op2   : 01->CONST   00000040 00000001  02  03->STRING 01->ref 0042
        KeyWord: /
----------------------------------------------------------------
[1] 'imgsizeproph
______________________________________________________________________
#0010: 0x50 ZEND_FETCH_R   LineNo: 0x0000  Flags: 0x07()
result: 04->VAR     000000D8 00000000  00  00->NULL   00->val 0000
op1   : 01->CONST   00000042 00000004  02  03->STRING 01->ref 0042
        KeyWord: logo
op2   : 08->UNUSED  00000000 00000001  00  00->NULL   00->val 0000
----------------------------------------------------------------
[1] 'imgsizeproph
[2] '$logo
______________________________________________________________________
#0011: 0x51 ZEND_FETCH_DIM_R   LineNo: 0x0000  Flags: 0x07()
result: 04->VAR     000000F0 00000000  00  00->NULL   00->val 0000
op1   : 04->VAR     000000D8 00000000  00  00->NULL   00->val 0000
op2   : 01->CONST   00000048 00000001  02  03->STRING 01->ref 0042
        KeyWord: 0
----------------------------------------------------------------
[1] 'imgsizeproph
[2] '$logo
______________________________________________________________________
#0012: 0x38 ZEND_ADD_VAR   LineNo: 0x0000  Flags: 0x07()
result: 02->TMP_VAR 000000A8 00000000  00  00->NULL   00->val 0000
op1   : 02->TMP_VAR 000000A8 00000000  00  00->NULL   00->val 0000
op2   : 04->VAR     000000F0 00000000  00  00->NULL   00->val 0000
----------------------------------------------------------------
[1] 'imgsizeproph
[2] '$logo
______________________________________________________________________
#0013: 0x41 ZEND_SEND_VAL   LineNo: 0x0000  Flags: 0x1E()
op1   : 02->TMP_VAR 000000A8 00000000  00  00->NULL   00->val 0000
op2   : 08->UNUSED  00000001 00000000  00  00->NULL   00->val 0000
        extended_value(from File): 003D
----------------------------------------------------------------
[1] 'imgsizeproph
[2] '$logo
______________________________________________________________________
#0014: 0x41 ZEND_SEND_VAL   LineNo: 0x0000  Flags: 0x1E()
op1   : 01->CONST   0000003C 00000001  02  01->LONG   01->ref 0042
op2   : 08->UNUSED  00000002 00000000  00  00->NULL   00->val 0000
        extended_value(from File): 003D
----------------------------------------------------------------
[1] 'imgsizeproph
[2] '$logo
....................................................................
Comment: Arg[2] = 60
______________________________________________________________________
#0015: 0x3D ZEND_DO_FCALL_BY_NAME   LineNo: 0x0000  Flags: 0x19()
result: 04->VAR     00000108 00000000  00  00->NULL   00->val 0000
        extended_value(from File): 0002
----------------------------------------------------------------
[1] 'imgsizeproph
[2] '$logo(60)
______________________________________________________________________
#0016: 0x53 ZEND_FETCH_W   LineNo: 0x0000  Flags: 0x07()
result: 04->VAR     00000090 00000000  00  00->NULL   00->val 0000
op1   : 01->CONST   0000004A 00000004  02  03->STRING 01->ref 0042
        KeyWord: size
op2   : 08->UNUSED  00000000 00000001  00  00->NULL   00->val 0000
----------------------------------------------------------------
[1] 'imgsizeproph
[2] '$logo(60)
[3] '$size
______________________________________________________________________
#0017: 0x26 ZEND_ASSIGN   LineNo: 0x0000  Flags: 0x07()
result: 04->VAR     00000120 00000001  00  00->NULL   00->val 0000
op1   : 04->VAR     00000090 00000010  00  00->NULL   00->val 0000
op2   : 04->VAR     00000108 00000008  00  00->NULL   00->val 0000
----------------------------------------------------------------
[1] 'imgsizeproph
Correcting Stack error...
====================================================================
$size=$logo(60)imgsizeproph;
______________________________________________________________________
#0018: 0x50 ZEND_FETCH_R   LineNo: 0x0000  Flags: 0x07()
result: 04->VAR     00000138 00000000  00  00->NULL   00->val 0000
op1   : 01->CONST   00000050 00000009  02  03->STRING 01->ref 0042
        KeyWord: dirgambar
op2   : 08->UNUSED  00000000 00000001  00  00->NULL   00->val 0000
----------------------------------------------------------------
[1] '$dirgambar
______________________________________________________________________
#0019: 0x08 ZEND_CONCAT   LineNo: 0x0000  Flags: 0x07()
result: 02->TMP_VAR 00000150 00000000  00  00->NULL   00->val 0000
op1   : 01->CONST   0000005A 0000014B  02  03->STRING 01->ref 0042
        KeyWord: [Obfuscated]0D 0A 09 3C 64 69 76 20 69 64 3D 27 73 69 74 65 48 65 61 64 65 72 27 3E 3C 61 6C 69 67 6E 3D 6C 65 66 74 3E 0D 0A 20 20 3C 74 61 62 6C 65 20 77 69 64 74 68 3D 31 30 30 25 3E 0D 0A 20 20 3C 74 72 3E 3C 74 64 20 61 6C 69 67 6E 3D 72 69 67 68 74 3E 20 20 09 09 0D 0A 3C 6F 62 6A 65 63 74 20 63 6C 61 73 73 69 64 3D 27 63 6C 73 69 64 3A 64 32 37 63 64 62 36 65 2D 61 65 36 64 2D 31 31 63 66 2D 39 36 62 38 2D 34 34 34 35 35 33 35 34 30 30 30 30 27 20 0D 0A 0D 0A 63 6F 64 65 62 61 73 65 3D 27 68 74 74 70 3A 2F 2F 64 6F 77 6E 6C 6F 61 64 2E 6D 61 63 72 6F 6D 65 64 69 61 2E 63 6F 6D 2F 70 75 62 2F 73 68 6F 63 6B 77 61 76 65 2F 0D 0A 63 61 62 73 2F 66 6C 61 73 68 2F 73 77 66 6C 61 73 68 2E 63 61 62 23 76 65 72 73 69 6F 6E 3D 36 2C 30 2C 34 30 2C 30 27 20 0D 0A 77 69 64 74 68 3D 27 38 35 30 27 20 68 65 69 67 68 74 3D 32 30 30 20 20 0D 0A 20 20 69 64 3D 27 6D 79 6D 6F 76 69 65 6E 61 6D 65 27 3E 20 0D 0A 0D 0A 3C 70 61 72 61 6D 20 6E 61 6D 65 3D 27 6D 6F 76 69 65 27 20 20 76 61 6C 75 65 3D 27 
op2   : 04->VAR     00000138 00000010  00  00->NULL   00->val 0000
______________________________________________________________________
#001A: 0x08 ZEND_CONCAT   LineNo: 0x0000  Flags: 0x07()
result: 02->TMP_VAR 00000168 00000000  00  00->NULL   00->val 0000
op1   : 02->TMP_VAR 00000150 00000000  00  00->NULL   00->val 0000
op2   : 01->CONST   000001A6 00000099  02  03->STRING 01->ref 0042
        KeyWord: /headerimg.swf' /

width='850' height=200 
> 
 
<param name='quality' value='high' /> 

<param name='bgcolor' value='#ffffff' /> 

<embed src=''
______________________________________________________________________
#001B: 0x50 ZEND_FETCH_R   LineNo: 0x0000  Flags: 0x07()
result: 04->VAR     00000180 00000000  00  00->NULL   00->val 0000
op1   : 01->CONST   00000240 00000009  02  03->STRING 01->ref 0042
        KeyWord: dirgambar
op2   : 08->UNUSED  00000000 00000001  00  00->NULL   00->val 0000
----------------------------------------------------------------
[1] '$dirgambar
______________________________________________________________________
#001C: 0x08 ZEND_CONCAT   LineNo: 0x0000  Flags: 0x07()
result: 02->TMP_VAR 00000198 00000000  00  00->NULL   00->val 0000
op1   : 02->TMP_VAR 00000168 00000000  00  00->NULL   00->val 0000
op2   : 04->VAR     00000180 00000010  00  00->NULL   00->val 0000
----------------------------------------------------------------
[1] '$dirgambar
______________________________________________________________________
#001D: 0x08 ZEND_CONCAT   LineNo: 0x0000  Flags: 0x07()
result: 02->TMP_VAR 000001B0 00000000  00  00->NULL   00->val 0000
op1   : 02->TMP_VAR 00000198 00000000  00  00->NULL   00->val 0000
op2   : 01->CONST   0000024A 00000125  02  03->STRING 01->ref 0042
        KeyWord: /headerimg.swf'' quality='high' bgcolor='#ffffff'

width='850' height=200 

name='mymoviename' align='right' type='application/x-shockwave-flash' 

pluginspage='http://www.macromedia.com/go/getflashplayer'> 


</embed> 

</object> 
</td></tr></table>

 		</div><!--siteHeader -->
----------------------------------------------------------------
[1] '$dirgambar
______________________________________________________________________
#001E: 0x28 ZEND_ECHO   LineNo: 0x0000  Flags: 0x02()
op1   : 02->TMP_VAR 000001B0 00000000  00  00->NULL   00->val 0000
----------------------------------------------------------------
[1] '$dirgambar
______________________________________________________________________
#001F: 0x3E ZEND_RETURN   LineNo: 0x0000  Flags: 0x02()
op1   : 01->CONST   00000001 00000038  02  01->LONG   01->ref 0012
----------------------------------------------------------------
[1] '$dirgambar
....................................................................
Buf: Return (1)
______________________________________________________________________
#0020: 0x95 ZEND_HANDLE_EXCEPTION   LineNo: 0x0000  Flags: 0x00()
______________________________________________________________________
ERR: Decompiling this function is finish but there's still data on the decompile stack ->Dumping that data now...
FunctionsCount: 0000
Classes: 0000
File sucessfully processes!

