========== Ioncube_Decoder 1.1.40  LogFile ==========

=========> S t a g e  0  -  Getting RawData (UnBase64-Raw.bin)

Opening C:\AppServ\www\siakad\tampilan\standar\siteheaderclock.php
000003AF -> Start of ionCubeData...
00000BAD -> 000007FE Bytes read.
IC_Base64_Marker: '4+oV' Decoding Base64->Bin...

=========> S t a g e  1  -  Validating RawData

ionCubeVersionType: 3CCC22E1 [Encrypted: 149FEC13]
ioncube_Version_Type 3

=========> S t a g e  2  -  Processing RawData

RawBinData_Size: 00000998
FileSizeKey: 2395B567 (RawBinData_Size + 12321) Xor &H23958CDE
Header_FileSizeKey: 2395B565
Header_FileSizeKey and FileSizeKey are different! (Difference: 00000002)
Note: RawBinData_Size calculate from Header_FileSizeKey is: 0000099A  (Difference: 00000002)
Header_Size: 000000BE (InitKey for MT: 1712CA00)
Adler32_CRC for 'IC_Raw[0004]..[00DE]' and calculated MATCH. CRC: 82D77491

=========> S t a g e  3  -  Extracting Header from RawData (->IC_Header.bin)


=========> S t a g e  4  -  Interpreting IC_Header

Minimum Loader Version: 00.00.00 (for ex. ioncube_loader_win_4.3.dll requires >0301010)
VerData 0x00000003
ObfuFlags 00000000 00000000

ObfuFuncHashSeed: 
Bytecode_XorKey: 0036928D
IncludeXorKey[should be 0xE9FC23B1]: E9FC23B1
LicenseFile: lisensi.txt
DisableCheckingOfLicenseRestrictions: 1
LicensePassphrase: lisensi
CustomErrCallbackHandler: 'ioncube_event_handler'
Enable_auto_prepend_Append_file: 0
Customised error messages entries: 0x00
Include file protection entries: 0x00
Adler32_CRC for '<?php //... ?>' and calculated MATCH. CRC: EB60391D
IC_HeaderEx start: 0086
IC_HeaderEx end: 00AE   IC_Header HeaderSize: 00BE

=========> S t a g e  5  -  Interpreting IC_HeaderEx

0001 <-IC_Type_Minor
0005 <-IC_Type_Major
The file [%s] was encoded with the PHP 5 ionCube Encoder, and requires PHP 5 to be installed.
00000CE7 <-PhpFlags
  0x0001  0001
  0x0002  0002 
  0x0004  0004 
  0x0020  Allow run with untrusted server extensions
  0x0040  PHP5_Body
  0x0080  CmdBytesAreEncrypted
  0x0400  EncryptStrings[KeyWord.c_Object] in memory during Compile& Execute
  0x0800  ObfuscateStripLineNumbers

IC Encoder Registration data(MemberID): 0x10050603  30754
Bytecode_MT_XorKey: 0036928D
Copy of IncludeXorKey in Header_MoreData: 0xE9FC23B1
unknown Data: 7D01A8C0 E3FC1B00 2690 00 00
EvalTimeMin: 10/5/2012 4:13:15 AM   1365BB54 '+0500DA46'=>506E5E5B seconds since 1.1.1970
EvalTimeMax: 10/5/2012 4:13:15 AM   4B6D8415 '+3D08A307'=>506E5E5B seconds since 1.1.1970
BodyStartOffset: 0x000000E6

=========> S t a g e  6  -  Extracting & Inflating IC_body from RawData (->IC_body.bin)

000000EA  Body_MT_Seed: 5FE05FF7
000000EE  Bytecode_MT_Seed: 8CF99353

=========> S t a g e  7  -  Reading IC_body.bin


=========> S t a g e  8  -  Read function body data

Reading Body
00000008 -> 00000002
S2[Fixed Size 0x70]:
0000007A ->  20627502
 Skipped3 ->  00000000
 FuncNameStart ->  00000000 67696420
 CmdData ->  00000000
 Args ->  00000000
 ArgsMin ->  00000000
 php4Extra ->  020DC580 75700061 01ECDED0 022F6070 00000053 00000053
 Skipped1 ->  00000036 00000000 00000000
 PHPFileNamePtr ->  FFFFFFFF
 Php5-O1  00000000
 Php5-O1Count  00000000 00000000 00000000 00000000 2C320000 023C97B0 64697420 6D206B61 00000000 00000000
 
00000079 -> FunctionName: private function {MainFunction}
 
00000082 -> 00000053<-CmdCount
byteCmds[Elementsize=0x2] Elements: 0000005B
Command(Encrypted)
------------------
041D
01B2
045A
041A
01CA
06CA
099F
0789
07C9
0480
0174
06D4
0775
0705
049A
0425
0172
0652
093C
078F
07F9
053F
077A
0762
070C
07AE
054A
07ED
0737
074F
033C
06CA
07AB
07F5
02C5
05FF
07B0
0708
0718
07E1
078F
07BC
05DA
07C3
07E4
076F
07AB
053F
0751
07F7
07D9
07B7
0723
072C
07FE
05B1
0760
0758
07B4
01FA
078F
07F4
072B
071C
073E
0297
0411
1EE5
003D
1F49
0002
1ED2
003D
1979
0002
0784
0476
1E5E
003D
1F16
0002
1EE8
003D
199F
0002
035B
061E
0282
023F
0204
0095
CmdParams[Elementsize=0x14] Elements: 000000B9
Type      Op1       Op2       Flags5    Flags
---------------------------------------------
00000001   00000002   0000000B   00000002   00420103
00000004   00000000   00000001   00000000   00000000
00000001   FFFFFF4C   00000007   00000002   00420103
00000001   FFFFFDD8   00000004   00000002   00420103
00000004   00000030   00000000   00000000   00000000
00000004   00000030   00000008   00000000   00000000
00000008   00000001   00000000   00000000   00000000
00000004   00000048   00000000   00000000   00000000
00000004   00000018   00000000   00000000   00000000
00000001   0000000E   00000001   00000002   00420103
00000008   00000000   00000001   00000000   00000000
00000004   00000060   00000001   00000000   00000000
00000004   00000018   00000010   00000000   00000000
00000004   00000048   00000008   00000000   00000000
00000001   00000010   00000007   00000002   00420103
00000004   00000078   00000000   00000000   00000000
00000004   00000078   00000008   00000000   00000000
00000008   0000000E   00000000   00000000   00000000
00000004   00000090   00000000   00000000   00000000
00000001   00000018   00000005   00000002   00420103
00000008   00000000   00000001   00000000   00000000
00000004   000000A8   00000001   00000000   00000000
00000004   00000090   00000010   00000000   00000000
00000001   0000001E   00000023   00000002   00420103
00000001   FFFFFF4C   00000007   00000002   00420103
00000001   FFFFFDD8   00000004   00000002   00420103
00000004   000000D8   00000000   00000000   00000000
00000004   000000D8   00000008   00000000   00000000
00000008   00000001   00000000   00000000   00000000
00000004   000000F0   00000000   00000000   00000000
00000004   000000C0   00000000   00000000   00000000
00000001   00000042   00000003   00000002   00420103
00000008   00000000   00000001   00000000   00000000
00000004   00000108   00000001   00000000   00000000
00000004   000000C0   00000010   00000000   00000000
00000004   000000F0   00000008   00000000   00000000
00000002   00000138   00000000   00000000   00000000
00000001   00000046   00000004   00000002   00420103
00000004   00000120   00000000   00000000   00000000
00000001   0000004C   00000003   00000002   00420103
00000008   00000000   00000001   00000000   00000000
00000004   00000150   00000000   00000000   00000000
00000004   00000120   00000000   00000000   00000000
00000002   00000138   00000000   00000000   00000000
00000002   00000168   00000000   00000000   00000000
00000004   00000150   00000010   00000000   00000000
00000001   00000005   00000004   00000002   00420101
00000002   00000168   00000000   00000000   00000000
00000002   00000168   00000000   00000000   00000000
00000008   00000020   00000000   00000000   00000000
00000002   00000198   00000000   00000000   00000000
00000001   00000050   00000004   00000002   00420103
00000004   00000180   00000000   00000000   00000000
00000001   00000056   00000003   00000002   00420103
00000008   00000000   00000001   00000000   00000000
00000004   000001B0   00000000   00000000   00000000
00000004   00000180   00000000   00000000   00000000
00000002   00000198   00000000   00000000   00000000
00000002   000001C8   00000000   00000000   00000000
00000004   000001B0   00000010   00000000   00000000
00000001   00000006   00000004   00000002   00420101
00000002   00000168   00000000   00000000   00000000
00000002   000001C8   00000000   00000000   00000000
00000002   00000168   00000000   00000000   00000000
00000008   00000022   00000000   00000000   00000000
00000004   000001E0   00000000   00000000   00000000
00000001   0000005A   00000003   00000002   00420103
00000008   00000000   00000001   00000000   00000000
00000004   000001F8   00000001   00000000   00000000
00000004   000001E0   00000010   00000000   00000000
00000001   0000005E   00000001   00000002   00420103
00000001   00000060   00000050   00000002   00420103
00000002   00000240   00000000   00000000   00000000
00000001   000000B2   00000004   00000002   00420103
00000004   00000228   00000000   00000000   00000000
00000001   000000B8   00000001   00000002   00420103
00000008   00000000   00000001   00000000   00000000
00000004   00000258   00000000   00000000   00000000
00000004   00000228   00000000   00000000   00000000
00000002   00000240   00000000   00000000   00000000
00000004   00000210   00000000   00000000   00000000
00000001   000000BA   00000009   00000002   00420103
00000008   00000000   00000001   00000000   00000000
00000004   00000270   00000000   00000000   00000000
00000004   00000210   00000000   00000000   00000000
00000004   00000258   00000010   00000000   00000000
00000002   00000288   00000000   00000000   00000000
00000001   000000C4   00000044   00000002   00420103
00000004   00000270   00000010   00000000   00000000
00000002   000002A0   00000000   00000000   00000000
00000002   00000288   00000000   00000000   00000000
00000001   0000010A   00000002   00000002   00420103
00000002   000002D0   00000000   00000000   00000000
00000001   0000010E   00000004   00000002   00420103
00000004   000002B8   00000000   00000000   00000000
00000001   00000114   00000001   00000002   00420103
00000008   00000000   00000001   00000000   00000000
00000004   000002E8   00000000   00000000   00000000
00000004   000002B8   00000000   00000000   00000000
00000002   000002D0   00000000   00000000   00000000
00000002   00000300   00000000   00000000   00000000
00000002   000002A0   00000000   00000000   00000000
00000004   000002E8   00000010   00000000   00000000
00000002   00000318   00000000   00000000   00000000
00000002   00000300   00000000   00000000   00000000
00000001   00000116   00000001   00000002   00420103
00000002   00000360   00000000   00000000   00000000
00000001   00000118   00000003   00000002   00420103
00000004   00000348   00000000   00000000   00000000
00000001   0000011C   00000001   00000002   00420103
00000008   00000000   00000001   00000000   00000000
00000004   00000378   00000000   00000000   00000000
00000004   00000348   00000000   00000000   00000000
00000002   00000360   00000000   00000000   00000000
00000002   00000390   00000000   00000000   00000000
00000004   00000378   00000010   00000000   00000000
00000001   00000001   00000003   00000002   00420101
00000004   00000330   00000000   00000000   00000000
00000001   0000011E   0000000A   00000002   00420103
00000008   00000000   00000001   00000000   00000000
00000004   000003A8   00000000   00000000   00000000
00000004   00000330   00000000   00000000   00000000
00000002   00000390   00000000   00000000   00000000
00000002   000003C0   00000000   00000000   00000000
00000002   00000318   00000000   00000000   00000000
00000004   000003A8   00000010   00000000   00000000
00000002   000003D8   00000000   00000000   00000000
00000002   000003C0   00000000   00000000   00000000
00000001   0000012A   00000001   00000002   00420103
00000002   00000408   00000000   00000000   00000000
00000001   0000012C   00000004   00000002   00420103
00000004   000003F0   00000000   00000000   00000000
00000001   00000132   00000001   00000002   00420103
00000008   00000000   00000001   00000000   00000000
00000004   00000420   00000000   00000000   00000000
00000004   000003F0   00000000   00000000   00000000
00000002   00000408   00000000   00000000   00000000
00000002   00000438   00000000   00000000   00000000
00000002   000003D8   00000000   00000000   00000000
00000004   00000420   00000010   00000000   00000000
00000002   00000450   00000000   00000000   00000000
00000002   00000450   00000000   00000000   00000000
00000002   00000450   00000000   00000000   00000000
00000001   00000134   00000006   00000002   00420103
00000004   00000468   00000000   00000000   00000000
00000001   0000013C   00000005   00000002   00420103
00000008   00000000   00000001   00000000   00000000
00000002   00000450   00000000   00000000   00000000
00000002   00000450   00000000   00000000   00000000
00000004   00000468   00000000   00000000   00000000
00000002   00000450   00000000   00000000   00000000
00000002   00000450   00000000   00000000   00000000
00000001   00000142   0000002B   00000002   00420103
00000002   00000480   00000000   00000000   00000000
00000002   00000438   00000000   00000000   00000000
00000002   00000450   00000000   00000000   00000000
00000002   00000480   00000000   00000000   00000000
00000001   0000016E   0000000A   00000002   00420103
00000001   0000017A   00000004   00000002   00420103
00000008   00000001   00000000   00000000   00000000
00000004   00000498   00000000   00000000   00000000
00000001   00000180   0000000F   00000002   00420103
00000008   00000000   00000001   00000000   00000000
00000004   00000498   00000010   00000000   00000000
00000008   00000002   00000000   00000000   00000000
00000004   000004B0   00000000   00000000   00000000
00000002   000004C8   00000000   00000000   00000000
00000004   000004B0   00000008   00000000   00000000
00000008   0000004E   00000000   00000000   00000000
00000001   00000190   0000000A   00000002   00420103
00000001   0000019C   00000005   00000002   00420103
00000008   00000001   00000000   00000000   00000000
00000004   000004E0   00000000   00000000   00000000
00000001   000001A2   0000000F   00000002   00420103
00000008   00000000   00000001   00000000   00000000
00000004   000004E0   00000010   00000000   00000000
00000008   00000002   00000000   00000000   00000000
00000004   000004F8   00000000   00000000   00000000
00000002   000004C8   00000000   00000000   00000000
00000004   000004F8   00000008   00000000   00000000
00000002   000004C8   00000000   00000000   00000000
00000008   00000050   00000000   00000000   00000000
00000001   000001B2   00000083   00000002   00420103
00000001   00000236   00000027   00000002   00420103
00000001   00000001   00000038   00000002   00120101
StringData [0000025E]
00001216 -> C0 DE 70 65 72 69 6B 73 61 72 6F 6F 74 00 77 00 69 73 6C 69 62 75 72 00 6C 69 62 75 72 00 3C 66 6F 6E 74 20 63 6F 6C 6F 72 3D 23 66 66 33 33 33 33 3E 20 28 4C 69 62 75 72 29 3C 2F 66 6F 6E 74 3E 00 6E 6F 77 00 77 64 61 79 00 00 6E 6F 77 00 77 64 61 79 00 00 6E 6F 77 00 64 75 61 00 32 00 0D 0A 20 20 3C 64 69 76 20 69 64 3D 22 64 61 74 65 74 69 6D 65 22 3E 0D 0A 20 20 09 3C 74 61 62 6C 65 20 20 69 64 3D 64 61 74 65 5F 74 69 6D 65 20 63 65 6C 6C 70 61 64 64 69 6E 67 3D 30 20 63 65 6C 6C 73 70 61 63 69 6E 67 3D 30 3E 0D 0A 09 00 00 77 64 61 79 00 00 77 00 61 72 72 61 79 68 61 72 69 00 0D 0A 09 09 09 3C 74 72 3E 0D 0A 09 09 09 09 3C 74 64 20 63 6F 6C 73 70 61 6E 3D 32 20 61 6C 69 67 6E 3D 63 65 6E 74 65 72 3E 0D 0A 09 09 09 09 3C 73 70 61 6E 20 69 64 3D 64 61 74 65 3E 0D 0A 09 09 09 09 00 00 2C 20 00 00 6D 64 61 79 00 00 77 00 20 00 6D 6F 6E 00 77 00 61 72 72 61 79 62 75 6C 61 6E 00 00 20 00 79 65 61 72 00 00 77 00 0D 0A 09 09 09 09 00 00 6C 69 62 75 72 00 0D 0A 09 09 09 09 3C 2F 73 70 61 6E 3E 09 09 0
ÀÞperiksaroot.w.islibur.libur.<font color=#ff3333> (Libur)</font>.now.wday..now.wday..now.dua.2.
  <div id="datetime">
  	<table  id=date_time cellpadding=0 cellspacing=0>
	..wday..w.arrayhari.
			<tr>
				<td colspan=2 align=center>
				<span id=date>
				.., ..mday..w. .mon.w.arraybulan.. .year..w.
				..libur.
				</span>				
				</td> 
			</tr>
		.ereg_sikad..MSIE..HTTP_USER_AGENT.ereg_sikad..Opera.HTTP_USER_AGENT.
		<tr>
		<td  id=time>
		Jam server saat ini: <input 
		type=text name=jam id=timeinput  size=9 readonly >
		</td></tr>
    .
		</table>
  	</div><!--datetime -->.
Length of unprocessed data: 00000004

=========> S t a g e  9  -  Interpreting IC_body/ByteCode

#0000: 0x3B ZEND_INIT_FCALL_BY_NAME   LineNo: 0x0000  Flags: 0x04()
op2   : 01->CONST   00000002 0000000B  02  03->STRING 01->ref 0042
        KeyWord: periksaroot
----------------------------------------------------------------
[1] 'periksaroot
....................................................................
Buf: Return (1)
______________________________________________________________________
#0001: 0x3D ZEND_DO_FCALL_BY_NAME   LineNo: 0x0000  Flags: 0x01()
result: 04->VAR     00000000 00000001  00  00->NULL   00->val 0000
====================================================================
Return (1)periksaroot();
______________________________________________________________________
#0002: 0x3B ZEND_INIT_FCALL_BY_NAME   LineNo: 0x0000  Flags: 0x04()
op2   : 01->CONST   FFFFFF4C 00000007  02  03->STRING 01->ref 0042
        KeyWord: getdate
----------------------------------------------------------------
[1] 'getdate
______________________________________________________________________
#0003: 0x3B ZEND_INIT_FCALL_BY_NAME   LineNo: 0x0000  Flags: 0x04()
op2   : 01->CONST   FFFFFDD8 00000004  02  03->STRING 01->ref 0042
        KeyWord: time
----------------------------------------------------------------
[1] 'getdate
[2] 'time
______________________________________________________________________
#0004: 0x3D ZEND_DO_FCALL_BY_NAME   LineNo: 0x0000  Flags: 0x01()
result: 04->VAR     00000030 00000000  00  00->NULL   00->val 0000
----------------------------------------------------------------
[1] 'getdate
[2] 'time()
______________________________________________________________________
#0005: 0x6A ZEND_SEND_VAR_NO_REF   LineNo: 0x0000  Flags: 0x06()
op1   : 04->VAR     00000030 00000008  00  00->NULL   00->val 0000
op2   : 08->UNUSED  00000001 00000000  00  00->NULL   00->val 0000
----------------------------------------------------------------
[1] 'getdate
[2] 'time()
______________________________________________________________________
#0006: 0x3D ZEND_DO_FCALL_BY_NAME   LineNo: 0x0000  Flags: 0x09()
result: 04->VAR     00000048 00000000  00  00->NULL   00->val 0000
        extended_value(from Flag): 0001
----------------------------------------------------------------
[1] 'getdate
[2] 'time()()
______________________________________________________________________
#0007: 0x53 ZEND_FETCH_W   LineNo: 0x0000  Flags: 0x07()
result: 04->VAR     00000018 00000000  00  00->NULL   00->val 0000
op1   : 01->CONST   0000000E 00000001  02  03->STRING 01->ref 0042
        KeyWord: w
op2   : 08->UNUSED  00000000 00000001  00  00->NULL   00->val 0000
----------------------------------------------------------------
[1] 'getdate
[2] 'time()()
[3] '$w
______________________________________________________________________
#0008: 0x26 ZEND_ASSIGN   LineNo: 0x0000  Flags: 0x07()
result: 04->VAR     00000060 00000001  00  00->NULL   00->val 0000
op1   : 04->VAR     00000018 00000010  00  00->NULL   00->val 0000
op2   : 04->VAR     00000048 00000008  00  00->NULL   00->val 0000
----------------------------------------------------------------
[1] 'getdate
Correcting Stack error...
====================================================================
$w=time()()getdate;
______________________________________________________________________
#0009: 0x3B ZEND_INIT_FCALL_BY_NAME   LineNo: 0x0000  Flags: 0x04()
op2   : 01->CONST   00000010 00000007  02  03->STRING 01->ref 0042
        KeyWord: islibur
----------------------------------------------------------------
[1] 'islibur
______________________________________________________________________
#000A: 0x3D ZEND_DO_FCALL_BY_NAME   LineNo: 0x0000  Flags: 0x01()
result: 04->VAR     00000078 00000000  00  00->NULL   00->val 0000
----------------------------------------------------------------
[1] 'islibur()
______________________________________________________________________
#000B: 0x2B ZEND_JMPZ   LineNo: 0x0000  Flags: 0x06()
op1   : 04->VAR     00000078 00000008  00  00->NULL   00->val 0000
op2   : 08->UNUSED  0000000E 00000000  00  00->NULL   00->val 0000
....................................................................
Comment: Conditional jmp to #0000000E
====================================================================
while (islibur()) {
______________________________________________________________________
#000C: 0x53 ZEND_FETCH_W   LineNo: 0x0000  Flags: 0x07()
result: 04->VAR     00000090 00000000  00  00->NULL   00->val 0000
op1   : 01->CONST   00000018 00000005  02  03->STRING 01->ref 0042
        KeyWord: libur
op2   : 08->UNUSED  00000000 00000001  00  00->NULL   00->val 0000
----------------------------------------------------------------
[1] '$libur
______________________________________________________________________
#000D: 0x26 ZEND_ASSIGN   LineNo: 0x0000  Flags: 0x07()
result: 04->VAR     000000A8 00000001  00  00->NULL   00->val 0000
op1   : 04->VAR     00000090 00000010  00  00->NULL   00->val 0000
op2   : 01->CONST   0000001E 00000023  02  03->STRING 01->ref 0042
        KeyWord: <font color=#ff3333> (Libur)</font>
====================================================================
$libur="<font color=#ff3333> (Libur)</font>";
}
______________________________________________________________________
#000E: 0x3B ZEND_INIT_FCALL_BY_NAME   LineNo: 0x0000  Flags: 0x04()
op2   : 01->CONST   FFFFFF4C 00000007  02  03->STRING 01->ref 0042
        KeyWord: getdate
----------------------------------------------------------------
[1] 'getdate
______________________________________________________________________
#000F: 0x3B ZEND_INIT_FCALL_BY_NAME   LineNo: 0x0000  Flags: 0x04()
op2   : 01->CONST   FFFFFDD8 00000004  02  03->STRING 01->ref 0042
        KeyWord: time
----------------------------------------------------------------
[1] 'getdate
[2] 'time
______________________________________________________________________
#0010: 0x3D ZEND_DO_FCALL_BY_NAME   LineNo: 0x0000  Flags: 0x01()
result: 04->VAR     000000D8 00000000  00  00->NULL   00->val 0000
----------------------------------------------------------------
[1] 'getdate
[2] 'time()
______________________________________________________________________
#0011: 0x6A ZEND_SEND_VAR_NO_REF   LineNo: 0x0000  Flags: 0x06()
op1   : 04->VAR     000000D8 00000008  00  00->NULL   00->val 0000
op2   : 08->UNUSED  00000001 00000000  00  00->NULL   00->val 0000
----------------------------------------------------------------
[1] 'getdate
[2] 'time()
______________________________________________________________________
#0012: 0x3D ZEND_DO_FCALL_BY_NAME   LineNo: 0x0000  Flags: 0x09()
result: 04->VAR     000000F0 00000000  00  00->NULL   00->val 0000
        extended_value(from Flag): 0001
----------------------------------------------------------------
[1] 'getdate
[2] 'time()()
______________________________________________________________________
#0013: 0x53 ZEND_FETCH_W   LineNo: 0x0000  Flags: 0x07()
result: 04->VAR     000000C0 00000000  00  00->NULL   00->val 0000
op1   : 01->CONST   00000042 00000003  02  03->STRING 01->ref 0042
        KeyWord: now
op2   : 08->UNUSED  00000000 00000001  00  00->NULL   00->val 0000
----------------------------------------------------------------
[1] 'getdate
[2] 'time()()
[3] '$now
______________________________________________________________________
#0014: 0x26 ZEND_ASSIGN   LineNo: 0x0000  Flags: 0x07()
result: 04->VAR     00000108 00000001  00  00->NULL   00->val 0000
op1   : 04->VAR     000000C0 00000010  00  00->NULL   00->val 0000
op2   : 04->VAR     000000F0 00000008  00  00->NULL   00->val 0000
----------------------------------------------------------------
[1] 'getdate
Correcting Stack error...
====================================================================
$now=time()()getdate;
______________________________________________________________________
#0015: 0x63 ZEND_FETCH_CONSTANT   LineNo: 0x0000  Flags: 0x05()
result: 02->TMP_VAR 00000138 00000000  00  00->NULL   00->val 0000
op2   : 01->CONST   00000046 00000004  02  03->STRING 01->ref 0042
        KeyWord: wday
----------------------------------------------------------------
[1] '192
______________________________________________________________________
#0016: 0x50 ZEND_FETCH_R   LineNo: 0x0000  Flags: 0x07()
result: 04->VAR     00000120 00000000  00  00->NULL   00->val 0000
op1   : 01->CONST   0000004C 00000003  02  03->STRING 01->ref 0042
        KeyWord: now
op2   : 08->UNUSED  00000000 00000001  00  00->NULL   00->val 0000
----------------------------------------------------------------
[1] '192
[2] '$now
______________________________________________________________________
#0017: 0x51 ZEND_FETCH_DIM_R   LineNo: 0x0000  Flags: 0x07()
result: 04->VAR     00000150 00000000  00  00->NULL   00->val 0000
op1   : 04->VAR     00000120 00000000  00  00->NULL   00->val 0000
op2   : 02->TMP_VAR 00000138 00000000  00  00->NULL   00->val 0000
----------------------------------------------------------------
[1] '192
[2] '$now
______________________________________________________________________
#0018: 0x11 ZEND_IS_EQUAL   LineNo: 0x0000  Flags: 0x07()
result: 02->TMP_VAR 00000168 00000000  00  00->NULL   00->val 0000
op1   : 04->VAR     00000150 00000010  00  00->NULL   00->val 0000
op2   : 01->CONST   00000005 00000004  02  01->LONG   01->ref 0042
----------------------------------------------------------------
[1] '192
[2] '$now
______________________________________________________________________
#0019: 0x2F ZEND_JMPNZ_EX   LineNo: 0x0000  Flags: 0x07()
result: 02->TMP_VAR 00000168 00000000  00  00->NULL   00->val 0000
op1   : 02->TMP_VAR 00000168 00000000  00  00->NULL   00->val 0000
op2   : 08->UNUSED  00000020 00000000  00  00->NULL   00->val 0000
----------------------------------------------------------------
[1] '192
[2] '$now
______________________________________________________________________
#001A: 0x63 ZEND_FETCH_CONSTANT   LineNo: 0x0000  Flags: 0x05()
result: 02->TMP_VAR 00000198 00000000  00  00->NULL   00->val 0000
op2   : 01->CONST   00000050 00000004  02  03->STRING 01->ref 0042
        KeyWord: wday
----------------------------------------------------------------
[1] '192
[2] '$now
[3] '360
______________________________________________________________________
#001B: 0x50 ZEND_FETCH_R   LineNo: 0x0000  Flags: 0x07()
result: 04->VAR     00000180 00000000  00  00->NULL   00->val 0000
op1   : 01->CONST   00000056 00000003  02  03->STRING 01->ref 0042
        KeyWord: now
op2   : 08->UNUSED  00000000 00000001  00  00->NULL   00->val 0000
----------------------------------------------------------------
[1] '192
[2] '$now
[3] '360
[4] '$now
______________________________________________________________________
#001C: 0x51 ZEND_FETCH_DIM_R   LineNo: 0x0000  Flags: 0x07()
result: 04->VAR     000001B0 00000000  00  00->NULL   00->val 0000
op1   : 04->VAR     00000180 00000000  00  00->NULL   00->val 0000
op2   : 02->TMP_VAR 00000198 00000000  00  00->NULL   00->val 0000
----------------------------------------------------------------
[1] '192
[2] '$now
[3] '360
[4] '$now
______________________________________________________________________
#001D: 0x11 ZEND_IS_EQUAL   LineNo: 0x0000  Flags: 0x07()
result: 02->TMP_VAR 000001C8 00000000  00  00->NULL   00->val 0000
op1   : 04->VAR     000001B0 00000010  00  00->NULL   00->val 0000
op2   : 01->CONST   00000006 00000004  02  01->LONG   01->ref 0042
----------------------------------------------------------------
[1] '192
[2] '$now
[3] '360
[4] '$now
______________________________________________________________________
#001E: 0x34 ZEND_BOOL   LineNo: 0x0000  Flags: 0x03()
result: 02->TMP_VAR 00000168 00000000  00  00->NULL   00->val 0000
op1   : 02->TMP_VAR 000001C8 00000000  00  00->NULL   00->val 0000
----------------------------------------------------------------
[1] '192
[2] '$now
[3] '360
[4] '$now
______________________________________________________________________
#001F: 0x2B ZEND_JMPZ   LineNo: 0x0000  Flags: 0x06()
op1   : 02->TMP_VAR 00000168 00000000  00  00->NULL   00->val 0000
op2   : 08->UNUSED  00000022 00000000  00  00->NULL   00->val 0000
----------------------------------------------------------------
[1] '192
[2] '$now
[3] '360
[4] '$now
....................................................................
Comment: Conditional jmp to #00000022
______________________________________________________________________
#0020: 0x53 ZEND_FETCH_W   LineNo: 0x0000  Flags: 0x07()
result: 04->VAR     000001E0 00000000  00  00->NULL   00->val 0000
op1   : 01->CONST   0000005A 00000003  02  03->STRING 01->ref 0042
        KeyWord: dua
op2   : 08->UNUSED  00000000 00000001  00  00->NULL   00->val 0000
----------------------------------------------------------------
[1] '192
[2] '$now
[3] '360
[4] '$now
[5] '$dua
______________________________________________________________________
#0021: 0x26 ZEND_ASSIGN   LineNo: 0x0000  Flags: 0x07()
result: 04->VAR     000001F8 00000001  00  00->NULL   00->val 0000
op1   : 04->VAR     000001E0 00000010  00  00->NULL   00->val 0000
op2   : 01->CONST   0000005E 00000001  02  03->STRING 01->ref 0042
        KeyWord: 2
----------------------------------------------------------------
[1] '192
[2] '$now
[3] '360
[4] '$now
Correcting Stack error...
====================================================================
$dua="2"$now360$now192;
______________________________________________________________________
#0022: 0x28 ZEND_ECHO   LineNo: 0x0000  Flags: 0x02()
op1   : 01->CONST   00000060 00000050  02  03->STRING 01->ref 0042
        KeyWord: [Obfuscated]0D 0A 20 20 3C 64 69 76 20 69 64 3D 22 64 61 74 65 74 69 6D 65 22 3E 0D 0A 20 20 09 3C 74 61 62 6C 65 20 20 69 64 3D 64 61 74 65 5F 74 69 6D 65 20 63 65 6C 6C 70 61 64 64 69 6E 67 3D 30 20 63 65 6C 6C 73 70 61 63 69 6E 67 3D 30 3E 0D 0A 09 
====================================================================
echo "[Obfuscated]0D 0A 20 20 3C 64 69 76 20 69 64 3D 22 64 61 74 65 74 69 6D 65 22 3E 0D 0A 20 20 09 3C 74 61 62 6C 65 20 20 69 64 3D 64 61 74 65 5F 74 69 6D 65 20 63 65 6C 6C 70 61 64 64 69 6E 67 3D 30 20 63 65 6C 6C 73 70 61 63 69 6E 67 3D 30 3E 0D 0A 09 ";
______________________________________________________________________
#0023: 0x63 ZEND_FETCH_CONSTANT   LineNo: 0x0000  Flags: 0x05()
result: 02->TMP_VAR 00000240 00000000  00  00->NULL   00->val 0000
op2   : 01->CONST   000000B2 00000004  02  03->STRING 01->ref 0042
        KeyWord: wday
----------------------------------------------------------------
[1] '[Obfuscated]0D 0A 20 20 3C 64 69 76 20 69 64 3D 22 64 61 74 65 74 69 6D 65 22 3E 0D 0A 20 20 09 3C 74 61 62 6C 65 20 20 69 64 3D 64 61 74 65 5F 74 69 6D 65 20 63 65 6C 6C 70 61 64 64 69 6E 67 3D 30 20 63 65 6C 6C 73 70 61 63 69 6E 67 3D 30 3E 0D 0A 09 
______________________________________________________________________
#0024: 0x50 ZEND_FETCH_R   LineNo: 0x0000  Flags: 0x07()
result: 04->VAR     00000228 00000000  00  00->NULL   00->val 0000
op1   : 01->CONST   000000B8 00000001  02  03->STRING 01->ref 0042
        KeyWord: w
op2   : 08->UNUSED  00000000 00000001  00  00->NULL   00->val 0000
----------------------------------------------------------------
[1] '[Obfuscated]0D 0A 20 20 3C 64 69 76 20 69 64 3D 22 64 61 74 65 74 69 6D 65 22 3E 0D 0A 20 20 09 3C 74 61 62 6C 65 20 20 69 64 3D 64 61 74 65 5F 74 69 6D 65 20 63 65 6C 6C 70 61 64 64 69 6E 67 3D 30 20 63 65 6C 6C 73 70 61 63 69 6E 67 3D 30 3E 0D 0A 09 
[2] '$w
______________________________________________________________________
#0025: 0x51 ZEND_FETCH_DIM_R   LineNo: 0x0000  Flags: 0x07()
result: 04->VAR     00000258 00000000  00  00->NULL   00->val 0000
op1   : 04->VAR     00000228 00000000  00  00->NULL   00->val 0000
op2   : 02->TMP_VAR 00000240 00000000  00  00->NULL   00->val 0000
----------------------------------------------------------------
[1] '[Obfuscated]0D 0A 20 20 3C 64 69 76 20 69 64 3D 22 64 61 74 65 74 69 6D 65 22 3E 0D 0A 20 20 09 3C 74 61 62 6C 65 20 20 69 64 3D 64 61 74 65 5F 74 69 6D 65 20 63 65 6C 6C 70 61 64 64 69 6E 67 3D 30 20 63 65 6C 6C 73 70 61 63 69 6E 67 3D 30 3E 0D 0A 09 
[2] '$w
______________________________________________________________________
#0026: 0x50 ZEND_FETCH_R   LineNo: 0x0000  Flags: 0x07()
result: 04->VAR     00000210 00000000  00  00->NULL   00->val 0000
op1   : 01->CONST   000000BA 00000009  02  03->STRING 01->ref 0042
        KeyWord: arrayhari
op2   : 08->UNUSED  00000000 00000001  00  00->NULL   00->val 0000
----------------------------------------------------------------
[1] '[Obfuscated]0D 0A 20 20 3C 64 69 76 20 69 64 3D 22 64 61 74 65 74 69 6D 65 22 3E 0D 0A 20 20 09 3C 74 61 62 6C 65 20 20 69 64 3D 64 61 74 65 5F 74 69 6D 65 20 63 65 6C 6C 70 61 64 64 69 6E 67 3D 30 20 63 65 6C 6C 73 70 61 63 69 6E 67 3D 30 3E 0D 0A 09 
[2] '$w
[3] '$arrayhari
______________________________________________________________________
#0027: 0x51 ZEND_FETCH_DIM_R   LineNo: 0x0000  Flags: 0x07()
result: 04->VAR     00000270 00000000  00  00->NULL   00->val 0000
op1   : 04->VAR     00000210 00000000  00  00->NULL   00->val 0000
op2   : 04->VAR     00000258 00000010  00  00->NULL   00->val 0000
----------------------------------------------------------------
[1] '[Obfuscated]0D 0A 20 20 3C 64 69 76 20 69 64 3D 22 64 61 74 65 74 69 6D 65 22 3E 0D 0A 20 20 09 3C 74 61 62 6C 65 20 20 69 64 3D 64 61 74 65 5F 74 69 6D 65 20 63 65 6C 6C 70 61 64 64 69 6E 67 3D 30 20 63 65 6C 6C 73 70 61 63 69 6E 67 3D 30 3E 0D 0A 09 
[2] '$w
[3] '$arrayhari
______________________________________________________________________
#0028: 0x08 ZEND_CONCAT   LineNo: 0x0000  Flags: 0x07()
result: 02->TMP_VAR 00000288 00000000  00  00->NULL   00->val 0000
op1   : 01->CONST   000000C4 00000044  02  03->STRING 01->ref 0042
        KeyWord: [Obfuscated]0D 0A 09 09 09 3C 74 72 3E 0D 0A 09 09 09 09 3C 74 64 20 63 6F 6C 73 70 61 6E 3D 32 20 61 6C 69 67 6E 3D 63 65 6E 74 65 72 3E 0D 0A 09 09 09 09 3C 73 70 61 6E 20 69 64 3D 64 61 74 65 3E 0D 0A 09 09 09 09 
op2   : 04->VAR     00000270 00000010  00  00->NULL   00->val 0000
----------------------------------------------------------------
[1] '[Obfuscated]0D 0A 20 20 3C 64 69 76 20 69 64 3D 22 64 61 74 65 74 69 6D 65 22 3E 0D 0A 20 20 09 3C 74 61 62 6C 65 20 20 69 64 3D 64 61 74 65 5F 74 69 6D 65 20 63 65 6C 6C 70 61 64 64 69 6E 67 3D 30 20 63 65 6C 6C 73 70 61 63 69 6E 67 3D 30 3E 0D 0A 09 
[2] '$w
[3] '$arrayhari
______________________________________________________________________
#0029: 0x08 ZEND_CONCAT   LineNo: 0x0000  Flags: 0x07()
result: 02->TMP_VAR 000002A0 00000000  00  00->NULL   00->val 0000
op1   : 02->TMP_VAR 00000288 00000000  00  00->NULL   00->val 0000
op2   : 01->CONST   0000010A 00000002  02  03->STRING 01->ref 0042
        KeyWord: , 
----------------------------------------------------------------
[1] '[Obfuscated]0D 0A 20 20 3C 64 69 76 20 69 64 3D 22 64 61 74 65 74 69 6D 65 22 3E 0D 0A 20 20 09 3C 74 61 62 6C 65 20 20 69 64 3D 64 61 74 65 5F 74 69 6D 65 20 63 65 6C 6C 70 61 64 64 69 6E 67 3D 30 20 63 65 6C 6C 73 70 61 63 69 6E 67 3D 30 3E 0D 0A 09 
[2] '$w
[3] '$arrayhari
______________________________________________________________________
#002A: 0x63 ZEND_FETCH_CONSTANT   LineNo: 0x0000  Flags: 0x05()
result: 02->TMP_VAR 000002D0 00000000  00  00->NULL   00->val 0000
op2   : 01->CONST   0000010E 00000004  02  03->STRING 01->ref 0042
        KeyWord: mday
----------------------------------------------------------------
[1] '[Obfuscated]0D 0A 20 20 3C 64 69 76 20 69 64 3D 22 64 61 74 65 74 69 6D 65 22 3E 0D 0A 20 20 09 3C 74 61 62 6C 65 20 20 69 64 3D 64 61 74 65 5F 74 69 6D 65 20 63 65 6C 6C 70 61 64 64 69 6E 67 3D 30 20 63 65 6C 6C 73 70 61 63 69 6E 67 3D 30 3E 0D 0A 09 
[2] '$w
[3] '$arrayhari
[4] '648
______________________________________________________________________
#002B: 0x50 ZEND_FETCH_R   LineNo: 0x0000  Flags: 0x07()
result: 04->VAR     000002B8 00000000  00  00->NULL   00->val 0000
op1   : 01->CONST   00000114 00000001  02  03->STRING 01->ref 0042
        KeyWord: w
op2   : 08->UNUSED  00000000 00000001  00  00->NULL   00->val 0000
----------------------------------------------------------------
[1] '[Obfuscated]0D 0A 20 20 3C 64 69 76 20 69 64 3D 22 64 61 74 65 74 69 6D 65 22 3E 0D 0A 20 20 09 3C 74 61 62 6C 65 20 20 69 64 3D 64 61 74 65 5F 74 69 6D 65 20 63 65 6C 6C 70 61 64 64 69 6E 67 3D 30 20 63 65 6C 6C 73 70 61 63 69 6E 67 3D 30 3E 0D 0A 09 
[2] '$w
[3] '$arrayhari
[4] '648
[5] '$w
______________________________________________________________________
#002C: 0x51 ZEND_FETCH_DIM_R   LineNo: 0x0000  Flags: 0x07()
result: 04->VAR     000002E8 00000000  00  00->NULL   00->val 0000
op1   : 04->VAR     000002B8 00000000  00  00->NULL   00->val 0000
op2   : 02->TMP_VAR 000002D0 00000000  00  00->NULL   00->val 0000
----------------------------------------------------------------
[1] '[Obfuscated]0D 0A 20 20 3C 64 69 76 20 69 64 3D 22 64 61 74 65 74 69 6D 65 22 3E 0D 0A 20 20 09 3C 74 61 62 6C 65 20 20 69 64 3D 64 61 74 65 5F 74 69 6D 65 20 63 65 6C 6C 70 61 64 64 69 6E 67 3D 30 20 63 65 6C 6C 73 70 61 63 69 6E 67 3D 30 3E 0D 0A 09 
[2] '$w
[3] '$arrayhari
[4] '648
[5] '$w
______________________________________________________________________
#002D: 0x08 ZEND_CONCAT   LineNo: 0x0000  Flags: 0x07()
result: 02->TMP_VAR 00000300 00000000  00  00->NULL   00->val 0000
op1   : 02->TMP_VAR 000002A0 00000000  00  00->NULL   00->val 0000
op2   : 04->VAR     000002E8 00000010  00  00->NULL   00->val 0000
----------------------------------------------------------------
[1] '[Obfuscated]0D 0A 20 20 3C 64 69 76 20 69 64 3D 22 64 61 74 65 74 69 6D 65 22 3E 0D 0A 20 20 09 3C 74 61 62 6C 65 20 20 69 64 3D 64 61 74 65 5F 74 69 6D 65 20 63 65 6C 6C 70 61 64 64 69 6E 67 3D 30 20 63 65 6C 6C 73 70 61 63 69 6E 67 3D 30 3E 0D 0A 09 
[2] '$w
[3] '$arrayhari
[4] '648
[5] '$w
______________________________________________________________________
#002E: 0x08 ZEND_CONCAT   LineNo: 0x0000  Flags: 0x07()
result: 02->TMP_VAR 00000318 00000000  00  00->NULL   00->val 0000
op1   : 02->TMP_VAR 00000300 00000000  00  00->NULL   00->val 0000
op2   : 01->CONST   00000116 00000001  02  03->STRING 01->ref 0042
        KeyWord:  
----------------------------------------------------------------
[1] '[Obfuscated]0D 0A 20 20 3C 64 69 76 20 69 64 3D 22 64 61 74 65 74 69 6D 65 22 3E 0D 0A 20 20 09 3C 74 61 62 6C 65 20 20 69 64 3D 64 61 74 65 5F 74 69 6D 65 20 63 65 6C 6C 70 61 64 64 69 6E 67 3D 30 20 63 65 6C 6C 73 70 61 63 69 6E 67 3D 30 3E 0D 0A 09 
[2] '$w
[3] '$arrayhari
[4] '648
[5] '$w
______________________________________________________________________
#002F: 0x63 ZEND_FETCH_CONSTANT   LineNo: 0x0000  Flags: 0x05()
result: 02->TMP_VAR 00000360 00000000  00  00->NULL   00->val 0000
op2   : 01->CONST   00000118 00000003  02  03->STRING 01->ref 0042
        KeyWord: mon
----------------------------------------------------------------
[1] '[Obfuscated]0D 0A 20 20 3C 64 69 76 20 69 64 3D 22 64 61 74 65 74 69 6D 65 22 3E 0D 0A 20 20 09 3C 74 61 62 6C 65 20 20 69 64 3D 64 61 74 65 5F 74 69 6D 65 20 63 65 6C 6C 70 61 64 64 69 6E 67 3D 30 20 63 65 6C 6C 73 70 61 63 69 6E 67 3D 30 3E 0D 0A 09 
[2] '$w
[3] '$arrayhari
[4] '648
[5] '$w
[6] '768
______________________________________________________________________
#0030: 0x50 ZEND_FETCH_R   LineNo: 0x0000  Flags: 0x07()
result: 04->VAR     00000348 00000000  00  00->NULL   00->val 0000
op1   : 01->CONST   0000011C 00000001  02  03->STRING 01->ref 0042
        KeyWord: w
op2   : 08->UNUSED  00000000 00000001  00  00->NULL   00->val 0000
----------------------------------------------------------------
[1] '[Obfuscated]0D 0A 20 20 3C 64 69 76 20 69 64 3D 22 64 61 74 65 74 69 6D 65 22 3E 0D 0A 20 20 09 3C 74 61 62 6C 65 20 20 69 64 3D 64 61 74 65 5F 74 69 6D 65 20 63 65 6C 6C 70 61 64 64 69 6E 67 3D 30 20 63 65 6C 6C 73 70 61 63 69 6E 67 3D 30 3E 0D 0A 09 
[2] '$w
[3] '$arrayhari
[4] '648
[5] '$w
[6] '768
[7] '$w
______________________________________________________________________
#0031: 0x51 ZEND_FETCH_DIM_R   LineNo: 0x0000  Flags: 0x07()
result: 04->VAR     00000378 00000000  00  00->NULL   00->val 0000
op1   : 04->VAR     00000348 00000000  00  00->NULL   00->val 0000
op2   : 02->TMP_VAR 00000360 00000000  00  00->NULL   00->val 0000
----------------------------------------------------------------
[1] '[Obfuscated]0D 0A 20 20 3C 64 69 76 20 69 64 3D 22 64 61 74 65 74 69 6D 65 22 3E 0D 0A 20 20 09 3C 74 61 62 6C 65 20 20 69 64 3D 64 61 74 65 5F 74 69 6D 65 20 63 65 6C 6C 70 61 64 64 69 6E 67 3D 30 20 63 65 6C 6C 73 70 61 63 69 6E 67 3D 30 3E 0D 0A 09 
[2] '$w
[3] '$arrayhari
[4] '648
[5] '$w
[6] '768
[7] '$w
______________________________________________________________________
#0032: 0x02 ZEND_SUB   LineNo: 0x0000  Flags: 0x07()
result: 02->TMP_VAR 00000390 00000000  00  00->NULL   00->val 0000
op1   : 04->VAR     00000378 00000010  00  00->NULL   00->val 0000
op2   : 01->CONST   00000001 00000003  02  01->LONG   01->ref 0042
----------------------------------------------------------------
[1] '[Obfuscated]0D 0A 20 20 3C 64 69 76 20 69 64 3D 22 64 61 74 65 74 69 6D 65 22 3E 0D 0A 20 20 09 3C 74 61 62 6C 65 20 20 69 64 3D 64 61 74 65 5F 74 69 6D 65 20 63 65 6C 6C 70 61 64 64 69 6E 67 3D 30 20 63 65 6C 6C 73 70 61 63 69 6E 67 3D 30 3E 0D 0A 09 
[2] '$w
[3] '$arrayhari
[4] '648
[5] '$w
[6] '768
[7] '$w
______________________________________________________________________
#0033: 0x50 ZEND_FETCH_R   LineNo: 0x0000  Flags: 0x07()
result: 04->VAR     00000330 00000000  00  00->NULL   00->val 0000
op1   : 01->CONST   0000011E 0000000A  02  03->STRING 01->ref 0042
        KeyWord: arraybulan
op2   : 08->UNUSED  00000000 00000001  00  00->NULL   00->val 0000
----------------------------------------------------------------
[1] '[Obfuscated]0D 0A 20 20 3C 64 69 76 20 69 64 3D 22 64 61 74 65 74 69 6D 65 22 3E 0D 0A 20 20 09 3C 74 61 62 6C 65 20 20 69 64 3D 64 61 74 65 5F 74 69 6D 65 20 63 65 6C 6C 70 61 64 64 69 6E 67 3D 30 20 63 65 6C 6C 73 70 61 63 69 6E 67 3D 30 3E 0D 0A 09 
[2] '$w
[3] '$arrayhari
[4] '648
[5] '$w
[6] '768
[7] '$w
[8] '$arraybulan
______________________________________________________________________
#0034: 0x51 ZEND_FETCH_DIM_R   LineNo: 0x0000  Flags: 0x07()
result: 04->VAR     000003A8 00000000  00  00->NULL   00->val 0000
op1   : 04->VAR     00000330 00000000  00  00->NULL   00->val 0000
op2   : 02->TMP_VAR 00000390 00000000  00  00->NULL   00->val 0000
----------------------------------------------------------------
[1] '[Obfuscated]0D 0A 20 20 3C 64 69 76 20 69 64 3D 22 64 61 74 65 74 69 6D 65 22 3E 0D 0A 20 20 09 3C 74 61 62 6C 65 20 20 69 64 3D 64 61 74 65 5F 74 69 6D 65 20 63 65 6C 6C 70 61 64 64 69 6E 67 3D 30 20 63 65 6C 6C 73 70 61 63 69 6E 67 3D 30 3E 0D 0A 09 
[2] '$w
[3] '$arrayhari
[4] '648
[5] '$w
[6] '768
[7] '$w
[8] '$arraybulan
______________________________________________________________________
#0035: 0x08 ZEND_CONCAT   LineNo: 0x0000  Flags: 0x07()
result: 02->TMP_VAR 000003C0 00000000  00  00->NULL   00->val 0000
op1   : 02->TMP_VAR 00000318 00000000  00  00->NULL   00->val 0000
op2   : 04->VAR     000003A8 00000010  00  00->NULL   00->val 0000
----------------------------------------------------------------
[1] '[Obfuscated]0D 0A 20 20 3C 64 69 76 20 69 64 3D 22 64 61 74 65 74 69 6D 65 22 3E 0D 0A 20 20 09 3C 74 61 62 6C 65 20 20 69 64 3D 64 61 74 65 5F 74 69 6D 65 20 63 65 6C 6C 70 61 64 64 69 6E 67 3D 30 20 63 65 6C 6C 73 70 61 63 69 6E 67 3D 30 3E 0D 0A 09 
[2] '$w
[3] '$arrayhari
[4] '648
[5] '$w
[6] '768
[7] '$w
[8] '$arraybulan
______________________________________________________________________
#0036: 0x08 ZEND_CONCAT   LineNo: 0x0000  Flags: 0x07()
result: 02->TMP_VAR 000003D8 00000000  00  00->NULL   00->val 0000
op1   : 02->TMP_VAR 000003C0 00000000  00  00->NULL   00->val 0000
op2   : 01->CONST   0000012A 00000001  02  03->STRING 01->ref 0042
        KeyWord:  
----------------------------------------------------------------
[1] '[Obfuscated]0D 0A 20 20 3C 64 69 76 20 69 64 3D 22 64 61 74 65 74 69 6D 65 22 3E 0D 0A 20 20 09 3C 74 61 62 6C 65 20 20 69 64 3D 64 61 74 65 5F 74 69 6D 65 20 63 65 6C 6C 70 61 64 64 69 6E 67 3D 30 20 63 65 6C 6C 73 70 61 63 69 6E 67 3D 30 3E 0D 0A 09 
[2] '$w
[3] '$arrayhari
[4] '648
[5] '$w
[6] '768
[7] '$w
[8] '$arraybulan
______________________________________________________________________
#0037: 0x63 ZEND_FETCH_CONSTANT   LineNo: 0x0000  Flags: 0x05()
result: 02->TMP_VAR 00000408 00000000  00  00->NULL   00->val 0000
op2   : 01->CONST   0000012C 00000004  02  03->STRING 01->ref 0042
        KeyWord: year
----------------------------------------------------------------
[1] '[Obfuscated]0D 0A 20 20 3C 64 69 76 20 69 64 3D 22 64 61 74 65 74 69 6D 65 22 3E 0D 0A 20 20 09 3C 74 61 62 6C 65 20 20 69 64 3D 64 61 74 65 5F 74 69 6D 65 20 63 65 6C 6C 70 61 64 64 69 6E 67 3D 30 20 63 65 6C 6C 73 70 61 63 69 6E 67 3D 30 3E 0D 0A 09 
[2] '$w
[3] '$arrayhari
[4] '648
[5] '$w
[6] '768
[7] '$w
[8] '$arraybulan
[9] '960
______________________________________________________________________
#0038: 0x50 ZEND_FETCH_R   LineNo: 0x0000  Flags: 0x07()
result: 04->VAR     000003F0 00000000  00  00->NULL   00->val 0000
op1   : 01->CONST   00000132 00000001  02  03->STRING 01->ref 0042
        KeyWord: w
op2   : 08->UNUSED  00000000 00000001  00  00->NULL   00->val 0000
----------------------------------------------------------------
[1] '[Obfuscated]0D 0A 20 20 3C 64 69 76 20 69 64 3D 22 64 61 74 65 74 69 6D 65 22 3E 0D 0A 20 20 09 3C 74 61 62 6C 65 20 20 69 64 3D 64 61 74 65 5F 74 69 6D 65 20 63 65 6C 6C 70 61 64 64 69 6E 67 3D 30 20 63 65 6C 6C 73 70 61 63 69 6E 67 3D 30 3E 0D 0A 09 
[2] '$w
[3] '$arrayhari
[4] '648
[5] '$w
[6] '768
[7] '$w
[8] '$arraybulan
[9] '960
[10] '$w
______________________________________________________________________
#0039: 0x51 ZEND_FETCH_DIM_R   LineNo: 0x0000  Flags: 0x07()
result: 04->VAR     00000420 00000000  00  00->NULL   00->val 0000
op1   : 04->VAR     000003F0 00000000  00  00->NULL   00->val 0000
op2   : 02->TMP_VAR 00000408 00000000  00  00->NULL   00->val 0000
----------------------------------------------------------------
[1] '[Obfuscated]0D 0A 20 20 3C 64 69 76 20 69 64 3D 22 64 61 74 65 74 69 6D 65 22 3E 0D 0A 20 20 09 3C 74 61 62 6C 65 20 20 69 64 3D 64 61 74 65 5F 74 69 6D 65 20 63 65 6C 6C 70 61 64 64 69 6E 67 3D 30 20 63 65 6C 6C 73 70 61 63 69 6E 67 3D 30 3E 0D 0A 09 
[2] '$w
[3] '$arrayhari
[4] '648
[5] '$w
[6] '768
[7] '$w
[8] '$arraybulan
[9] '960
[10] '$w
______________________________________________________________________
#003A: 0x08 ZEND_CONCAT   LineNo: 0x0000  Flags: 0x07()
result: 02->TMP_VAR 00000438 00000000  00  00->NULL   00->val 0000
op1   : 02->TMP_VAR 000003D8 00000000  00  00->NULL   00->val 0000
op2   : 04->VAR     00000420 00000010  00  00->NULL   00->val 0000
----------------------------------------------------------------
[1] '[Obfuscated]0D 0A 20 20 3C 64 69 76 20 69 64 3D 22 64 61 74 65 74 69 6D 65 22 3E 0D 0A 20 20 09 3C 74 61 62 6C 65 20 20 69 64 3D 64 61 74 65 5F 74 69 6D 65 20 63 65 6C 6C 70 61 64 64 69 6E 67 3D 30 20 63 65 6C 6C 73 70 61 63 69 6E 67 3D 30 3E 0D 0A 09 
[2] '$w
[3] '$arrayhari
[4] '648
[5] '$w
[6] '768
[7] '$w
[8] '$arraybulan
[9] '960
[10] '$w
______________________________________________________________________
#003B: 0x35 ZEND_INIT_STRING   LineNo: 0x0000  Flags: 0x01()
result: 02->TMP_VAR 00000450 00000000  00  00->NULL   00->val 0000
----------------------------------------------------------------
[1] '[Obfuscated]0D 0A 20 20 3C 64 69 76 20 69 64 3D 22 64 61 74 65 74 69 6D 65 22 3E 0D 0A 20 20 09 3C 74 61 62 6C 65 20 20 69 64 3D 64 61 74 65 5F 74 69 6D 65 20 63 65 6C 6C 70 61 64 64 69 6E 67 3D 30 20 63 65 6C 6C 73 70 61 63 69 6E 67 3D 30 3E 0D 0A 09 
[2] '$w
[3] '$arrayhari
[4] '648
[5] '$w
[6] '768
[7] '$w
[8] '$arraybulan
[9] '960
[10] '$w
______________________________________________________________________
#003C: 0x37 ZEND_ADD_STRING   LineNo: 0x0000  Flags: 0x07()
result: 02->TMP_VAR 00000450 00000000  00  00->NULL   00->val 0000
op1   : 02->TMP_VAR 00000450 00000000  00  00->NULL   00->val 0000
op2   : 01->CONST   00000134 00000006  02  03->STRING 01->ref 0042
        KeyWord: [Obfuscated]0D 0A 09 09 09 09 
----------------------------------------------------------------
[1] '[Obfuscated]0D 0A 20 20 3C 64 69 76 20 69 64 3D 22 64 61 74 65 74 69 6D 65 22 3E 0D 0A 20 20 09 3C 74 61 62 6C 65 20 20 69 64 3D 64 61 74 65 5F 74 69 6D 65 20 63 65 6C 6C 70 61 64 64 69 6E 67 3D 30 20 63 65 6C 6C 73 70 61 63 69 6E 67 3D 30 3E 0D 0A 09 
[2] '$w
[3] '$arrayhari
[4] '648
[5] '$w
[6] '768
[7] '$w
[8] '$arraybulan
[9] '960
[10] '$w
______________________________________________________________________
#003D: 0x50 ZEND_FETCH_R   LineNo: 0x0000  Flags: 0x07()
result: 04->VAR     00000468 00000000  00  00->NULL   00->val 0000
op1   : 01->CONST   0000013C 00000005  02  03->STRING 01->ref 0042
        KeyWord: libur
op2   : 08->UNUSED  00000000 00000001  00  00->NULL   00->val 0000
----------------------------------------------------------------
[1] '[Obfuscated]0D 0A 20 20 3C 64 69 76 20 69 64 3D 22 64 61 74 65 74 69 6D 65 22 3E 0D 0A 20 20 09 3C 74 61 62 6C 65 20 20 69 64 3D 64 61 74 65 5F 74 69 6D 65 20 63 65 6C 6C 70 61 64 64 69 6E 67 3D 30 20 63 65 6C 6C 73 70 61 63 69 6E 67 3D 30 3E 0D 0A 09 
[2] '$w
[3] '$arrayhari
[4] '648
[5] '$w
[6] '768
[7] '$w
[8] '$arraybulan
[9] '960
[10] '$w
[11] '$libur
______________________________________________________________________
#003E: 0x38 ZEND_ADD_VAR   LineNo: 0x0000  Flags: 0x07()
result: 02->TMP_VAR 00000450 00000000  00  00->NULL   00->val 0000
op1   : 02->TMP_VAR 00000450 00000000  00  00->NULL   00->val 0000
op2   : 04->VAR     00000468 00000000  00  00->NULL   00->val 0000
----------------------------------------------------------------
[1] '[Obfuscated]0D 0A 20 20 3C 64 69 76 20 69 64 3D 22 64 61 74 65 74 69 6D 65 22 3E 0D 0A 20 20 09 3C 74 61 62 6C 65 20 20 69 64 3D 64 61 74 65 5F 74 69 6D 65 20 63 65 6C 6C 70 61 64 64 69 6E 67 3D 30 20 63 65 6C 6C 73 70 61 63 69 6E 67 3D 30 3E 0D 0A 09 
[2] '$w
[3] '$arrayhari
[4] '648
[5] '$w
[6] '768
[7] '$w
[8] '$arraybulan
[9] '960
[10] '$w
______________________________________________________________________
#003F: 0x37 ZEND_ADD_STRING   LineNo: 0x0000  Flags: 0x07()
result: 02->TMP_VAR 00000450 00000000  00  00->NULL   00->val 0000
op1   : 02->TMP_VAR 00000450 00000000  00  00->NULL   00->val 0000
op2   : 01->CONST   00000142 0000002B  02  03->STRING 01->ref 0042
        KeyWord: [Obfuscated]0D 0A 09 09 09 09 3C 2F 73 70 61 6E 3E 09 09 09 09 0D 0A 09 09 09 09 3C 2F 74 64 3E 20 0D 0A 09 09 09 3C 2F 74 72 3E 0D 0A 09 09 
----------------------------------------------------------------
[1] '[Obfuscated]0D 0A 20 20 3C 64 69 76 20 69 64 3D 22 64 61 74 65 74 69 6D 65 22 3E 0D 0A 20 20 09 3C 74 61 62 6C 65 20 20 69 64 3D 64 61 74 65 5F 74 69 6D 65 20 63 65 6C 6C 70 61 64 64 69 6E 67 3D 30 20 63 65 6C 6C 73 70 61 63 69 6E 67 3D 30 3E 0D 0A 09 
[2] '$w
[3] '$arrayhari
[4] '648
[5] '$w
[6] '768
[7] '$w
[8] '$arraybulan
[9] '960
[10] '$w
______________________________________________________________________
#0040: 0x08 ZEND_CONCAT   LineNo: 0x0000  Flags: 0x07()
result: 02->TMP_VAR 00000480 00000000  00  00->NULL   00->val 0000
op1   : 02->TMP_VAR 00000438 00000000  00  00->NULL   00->val 0000
op2   : 02->TMP_VAR 00000450 00000000  00  00->NULL   00->val 0000
----------------------------------------------------------------
[1] '[Obfuscated]0D 0A 20 20 3C 64 69 76 20 69 64 3D 22 64 61 74 65 74 69 6D 65 22 3E 0D 0A 20 20 09 3C 74 61 62 6C 65 20 20 69 64 3D 64 61 74 65 5F 74 69 6D 65 20 63 65 6C 6C 70 61 64 64 69 6E 67 3D 30 20 63 65 6C 6C 73 70 61 63 69 6E 67 3D 30 3E 0D 0A 09 
[2] '$w
[3] '$arrayhari
[4] '648
[5] '$w
[6] '768
[7] '$w
[8] '$arraybulan
[9] '960
[10] '$w
______________________________________________________________________
#0041: 0x28 ZEND_ECHO   LineNo: 0x0000  Flags: 0x02()
op1   : 02->TMP_VAR 00000480 00000000  00  00->NULL   00->val 0000
----------------------------------------------------------------
[1] '[Obfuscated]0D 0A 20 20 3C 64 69 76 20 69 64 3D 22 64 61 74 65 74 69 6D 65 22 3E 0D 0A 20 20 09 3C 74 61 62 6C 65 20 20 69 64 3D 64 61 74 65 5F 74 69 6D 65 20 63 65 6C 6C 70 61 64 64 69 6E 67 3D 30 20 63 65 6C 6C 73 70 61 63 69 6E 67 3D 30 3E 0D 0A 09 
[2] '$w
[3] '$arrayhari
[4] '648
[5] '$w
[6] '768
[7] '$w
[8] '$arraybulan
[9] '960
[10] '$w
______________________________________________________________________
#0042: 0x3B ZEND_INIT_FCALL_BY_NAME   LineNo: 0x0000  Flags: 0x04()
op2   : 01->CONST   0000016E 0000000A  02  03->STRING 01->ref 0042
        KeyWord: ereg_sikad
----------------------------------------------------------------
[1] '[Obfuscated]0D 0A 20 20 3C 64 69 76 20 69 64 3D 22 64 61 74 65 74 69 6D 65 22 3E 0D 0A 20 20 09 3C 74 61 62 6C 65 20 20 69 64 3D 64 61 74 65 5F 74 69 6D 65 20 63 65 6C 6C 70 61 64 64 69 6E 67 3D 30 20 63 65 6C 6C 73 70 61 63 69 6E 67 3D 30 3E 0D 0A 09 
[2] '$w
[3] '$arrayhari
[4] '648
[5] '$w
[6] '768
[7] '$w
[8] '$arraybulan
[9] '960
[10] '$w
[11] 'ereg_sikad
______________________________________________________________________
#0043: 0x41 ZEND_SEND_VAL   LineNo: 0x0000  Flags: 0x1E()
op1   : 01->CONST   0000017A 00000004  02  03->STRING 01->ref 0042
        KeyWord: MSIE
op2   : 08->UNUSED  00000001 00000000  00  00->NULL   00->val 0000
        extended_value(from File): 003D
----------------------------------------------------------------
[1] '[Obfuscated]0D 0A 20 20 3C 64 69 76 20 69 64 3D 22 64 61 74 65 74 69 6D 65 22 3E 0D 0A 20 20 09 3C 74 61 62 6C 65 20 20 69 64 3D 64 61 74 65 5F 74 69 6D 65 20 63 65 6C 6C 70 61 64 64 69 6E 67 3D 30 20 63 65 6C 6C 73 70 61 63 69 6E 67 3D 30 3E 0D 0A 09 
[2] '$w
[3] '$arrayhari
[4] '648
[5] '$w
[6] '768
[7] '$w
[8] '$arraybulan
[9] '960
[10] '$w
[11] 'ereg_sikad
....................................................................
Comment: Arg[1] = "MSIE"
______________________________________________________________________
#0044: 0x5C ZEND_FETCH_FUNC_ARG   LineNo: 0x0000  Flags: 0x1F()
result: 04->VAR     00000498 00000000  00  00->NULL   00->val 0000
op1   : 01->CONST   00000180 0000000F  02  03->STRING 01->ref 0042
        KeyWord: HTTP_USER_AGENT
op2   : 08->UNUSED  00000000 00000001  00  00->NULL   00->val 0000
        extended_value(from File): 0002
----------------------------------------------------------------
[1] '[Obfuscated]0D 0A 20 20 3C 64 69 76 20 69 64 3D 22 64 61 74 65 74 69 6D 65 22 3E 0D 0A 20 20 09 3C 74 61 62 6C 65 20 20 69 64 3D 64 61 74 65 5F 74 69 6D 65 20 63 65 6C 6C 70 61 64 64 69 6E 67 3D 30 20 63 65 6C 6C 73 70 61 63 69 6E 67 3D 30 3E 0D 0A 09 
[2] '$w
[3] '$arrayhari
[4] '648
[5] '$w
[6] '768
[7] '$w
[8] '$arraybulan
[9] '960
[10] '$w
[11] 'ereg_sikad
[12] '$HTTP_USER_AGENT
______________________________________________________________________
#0045: 0x42 ZEND_SEND_VAR   LineNo: 0x0000  Flags: 0x1E()
op1   : 04->VAR     00000498 00000010  00  00->NULL   00->val 0000
op2   : 08->UNUSED  00000002 00000000  00  00->NULL   00->val 0000
        extended_value(from File): 003D
----------------------------------------------------------------
[1] '[Obfuscated]0D 0A 20 20 3C 64 69 76 20 69 64 3D 22 64 61 74 65 74 69 6D 65 22 3E 0D 0A 20 20 09 3C 74 61 62 6C 65 20 20 69 64 3D 64 61 74 65 5F 74 69 6D 65 20 63 65 6C 6C 70 61 64 64 69 6E 67 3D 30 20 63 65 6C 6C 73 70 61 63 69 6E 67 3D 30 3E 0D 0A 09 
[2] '$w
[3] '$arrayhari
[4] '648
[5] '$w
[6] '768
[7] '$w
[8] '$arraybulan
[9] '960
[10] '$w
[11] 'ereg_sikad
....................................................................
Comment: SHOULD_BE_SENT_BY_REF
______________________________________________________________________
#0046: 0x3D ZEND_DO_FCALL_BY_NAME   LineNo: 0x0000  Flags: 0x19()
result: 04->VAR     000004B0 00000000  00  00->NULL   00->val 0000
        extended_value(from File): 0002
----------------------------------------------------------------
[1] '[Obfuscated]0D 0A 20 20 3C 64 69 76 20 69 64 3D 22 64 61 74 65 74 69 6D 65 22 3E 0D 0A 20 20 09 3C 74 61 62 6C 65 20 20 69 64 3D 64 61 74 65 5F 74 69 6D 65 20 63 65 6C 6C 70 61 64 64 69 6E 67 3D 30 20 63 65 6C 6C 73 70 61 63 69 6E 67 3D 30 3E 0D 0A 09 
[2] '$w
[3] '$arrayhari
[4] '648
[5] '$w
[6] '768
[7] '$w
[8] '$arraybulan
[9] '960
[10] '$w
[11] 'ereg_sikad("MSIE",$HTTP_USER_AGENT)
______________________________________________________________________
#0047: 0x2F ZEND_JMPNZ_EX   LineNo: 0x0000  Flags: 0x07()
result: 02->TMP_VAR 000004C8 00000000  00  00->NULL   00->val 0000
op1   : 04->VAR     000004B0 00000008  00  00->NULL   00->val 0000
op2   : 08->UNUSED  0000004E 00000000  00  00->NULL   00->val 0000
----------------------------------------------------------------
[1] '[Obfuscated]0D 0A 20 20 3C 64 69 76 20 69 64 3D 22 64 61 74 65 74 69 6D 65 22 3E 0D 0A 20 20 09 3C 74 61 62 6C 65 20 20 69 64 3D 64 61 74 65 5F 74 69 6D 65 20 63 65 6C 6C 70 61 64 64 69 6E 67 3D 30 20 63 65 6C 6C 73 70 61 63 69 6E 67 3D 30 3E 0D 0A 09 
[2] '$w
[3] '$arrayhari
[4] '648
[5] '$w
[6] '768
[7] '$w
[8] '$arraybulan
[9] '960
[10] '$w
[11] 'ereg_sikad("MSIE",$HTTP_USER_AGENT)
______________________________________________________________________
#0048: 0x3B ZEND_INIT_FCALL_BY_NAME   LineNo: 0x0000  Flags: 0x04()
op2   : 01->CONST   00000190 0000000A  02  03->STRING 01->ref 0042
        KeyWord: ereg_sikad
----------------------------------------------------------------
[1] '[Obfuscated]0D 0A 20 20 3C 64 69 76 20 69 64 3D 22 64 61 74 65 74 69 6D 65 22 3E 0D 0A 20 20 09 3C 74 61 62 6C 65 20 20 69 64 3D 64 61 74 65 5F 74 69 6D 65 20 63 65 6C 6C 70 61 64 64 69 6E 67 3D 30 20 63 65 6C 6C 73 70 61 63 69 6E 67 3D 30 3E 0D 0A 09 
[2] '$w
[3] '$arrayhari
[4] '648
[5] '$w
[6] '768
[7] '$w
[8] '$arraybulan
[9] '960
[10] '$w
[11] 'ereg_sikad("MSIE",$HTTP_USER_AGENT)
[12] 'ereg_sikad
______________________________________________________________________
#0049: 0x41 ZEND_SEND_VAL   LineNo: 0x0000  Flags: 0x1E()
op1   : 01->CONST   0000019C 00000005  02  03->STRING 01->ref 0042
        KeyWord: Opera
op2   : 08->UNUSED  00000001 00000000  00  00->NULL   00->val 0000
        extended_value(from File): 003D
----------------------------------------------------------------
[1] '[Obfuscated]0D 0A 20 20 3C 64 69 76 20 69 64 3D 22 64 61 74 65 74 69 6D 65 22 3E 0D 0A 20 20 09 3C 74 61 62 6C 65 20 20 69 64 3D 64 61 74 65 5F 74 69 6D 65 20 63 65 6C 6C 70 61 64 64 69 6E 67 3D 30 20 63 65 6C 6C 73 70 61 63 69 6E 67 3D 30 3E 0D 0A 09 
[2] '$w
[3] '$arrayhari
[4] '648
[5] '$w
[6] '768
[7] '$w
[8] '$arraybulan
[9] '960
[10] '$w
[11] 'ereg_sikad("MSIE",$HTTP_USER_AGENT)
[12] 'ereg_sikad
....................................................................
Comment: Arg[1] = "Opera"
______________________________________________________________________
#004A: 0x5C ZEND_FETCH_FUNC_ARG   LineNo: 0x0000  Flags: 0x1F()
result: 04->VAR     000004E0 00000000  00  00->NULL   00->val 0000
op1   : 01->CONST   000001A2 0000000F  02  03->STRING 01->ref 0042
        KeyWord: HTTP_USER_AGENT
op2   : 08->UNUSED  00000000 00000001  00  00->NULL   00->val 0000
        extended_value(from File): 0002
----------------------------------------------------------------
[1] '[Obfuscated]0D 0A 20 20 3C 64 69 76 20 69 64 3D 22 64 61 74 65 74 69 6D 65 22 3E 0D 0A 20 20 09 3C 74 61 62 6C 65 20 20 69 64 3D 64 61 74 65 5F 74 69 6D 65 20 63 65 6C 6C 70 61 64 64 69 6E 67 3D 30 20 63 65 6C 6C 73 70 61 63 69 6E 67 3D 30 3E 0D 0A 09 
[2] '$w
[3] '$arrayhari
[4] '648
[5] '$w
[6] '768
[7] '$w
[8] '$arraybulan
[9] '960
[10] '$w
[11] 'ereg_sikad("MSIE",$HTTP_USER_AGENT)
[12] 'ereg_sikad
[13] '$HTTP_USER_AGENT
______________________________________________________________________
#004B: 0x42 ZEND_SEND_VAR   LineNo: 0x0000  Flags: 0x1E()
op1   : 04->VAR     000004E0 00000010  00  00->NULL   00->val 0000
op2   : 08->UNUSED  00000002 00000000  00  00->NULL   00->val 0000
        extended_value(from File): 003D
----------------------------------------------------------------
[1] '[Obfuscated]0D 0A 20 20 3C 64 69 76 20 69 64 3D 22 64 61 74 65 74 69 6D 65 22 3E 0D 0A 20 20 09 3C 74 61 62 6C 65 20 20 69 64 3D 64 61 74 65 5F 74 69 6D 65 20 63 65 6C 6C 70 61 64 64 69 6E 67 3D 30 20 63 65 6C 6C 73 70 61 63 69 6E 67 3D 30 3E 0D 0A 09 
[2] '$w
[3] '$arrayhari
[4] '648
[5] '$w
[6] '768
[7] '$w
[8] '$arraybulan
[9] '960
[10] '$w
[11] 'ereg_sikad("MSIE",$HTTP_USER_AGENT)
[12] 'ereg_sikad
....................................................................
Comment: SHOULD_BE_SENT_BY_REF
______________________________________________________________________
#004C: 0x3D ZEND_DO_FCALL_BY_NAME   LineNo: 0x0000  Flags: 0x19()
result: 04->VAR     000004F8 00000000  00  00->NULL   00->val 0000
        extended_value(from File): 0002
----------------------------------------------------------------
[1] '[Obfuscated]0D 0A 20 20 3C 64 69 76 20 69 64 3D 22 64 61 74 65 74 69 6D 65 22 3E 0D 0A 20 20 09 3C 74 61 62 6C 65 20 20 69 64 3D 64 61 74 65 5F 74 69 6D 65 20 63 65 6C 6C 70 61 64 64 69 6E 67 3D 30 20 63 65 6C 6C 73 70 61 63 69 6E 67 3D 30 3E 0D 0A 09 
[2] '$w
[3] '$arrayhari
[4] '648
[5] '$w
[6] '768
[7] '$w
[8] '$arraybulan
[9] '960
[10] '$w
[11] 'ereg_sikad("MSIE",$HTTP_USER_AGENT)
[12] 'ereg_sikad("Opera",$HTTP_USER_AGENT)
______________________________________________________________________
#004D: 0x34 ZEND_BOOL   LineNo: 0x0000  Flags: 0x03()
result: 02->TMP_VAR 000004C8 00000000  00  00->NULL   00->val 0000
op1   : 04->VAR     000004F8 00000008  00  00->NULL   00->val 0000
----------------------------------------------------------------
[1] '[Obfuscated]0D 0A 20 20 3C 64 69 76 20 69 64 3D 22 64 61 74 65 74 69 6D 65 22 3E 0D 0A 20 20 09 3C 74 61 62 6C 65 20 20 69 64 3D 64 61 74 65 5F 74 69 6D 65 20 63 65 6C 6C 70 61 64 64 69 6E 67 3D 30 20 63 65 6C 6C 73 70 61 63 69 6E 67 3D 30 3E 0D 0A 09 
[2] '$w
[3] '$arrayhari
[4] '648
[5] '$w
[6] '768
[7] '$w
[8] '$arraybulan
[9] '960
[10] '$w
[11] 'ereg_sikad("MSIE",$HTTP_USER_AGENT)
[12] 'ereg_sikad("Opera",$HTTP_USER_AGENT)
______________________________________________________________________
#004E: 0x2B ZEND_JMPZ   LineNo: 0x0000  Flags: 0x06()
op1   : 02->TMP_VAR 000004C8 00000000  00  00->NULL   00->val 0000
op2   : 08->UNUSED  00000050 00000000  00  00->NULL   00->val 0000
----------------------------------------------------------------
[1] '[Obfuscated]0D 0A 20 20 3C 64 69 76 20 69 64 3D 22 64 61 74 65 74 69 6D 65 22 3E 0D 0A 20 20 09 3C 74 61 62 6C 65 20 20 69 64 3D 64 61 74 65 5F 74 69 6D 65 20 63 65 6C 6C 70 61 64 64 69 6E 67 3D 30 20 63 65 6C 6C 73 70 61 63 69 6E 67 3D 30 3E 0D 0A 09 
[2] '$w
[3] '$arrayhari
[4] '648
[5] '$w
[6] '768
[7] '$w
[8] '$arraybulan
[9] '960
[10] '$w
[11] 'ereg_sikad("MSIE",$HTTP_USER_AGENT)
[12] 'ereg_sikad("Opera",$HTTP_USER_AGENT)
....................................................................
Comment: Conditional jmp to #00000050
______________________________________________________________________
#004F: 0x28 ZEND_ECHO   LineNo: 0x0000  Flags: 0x02()
op1   : 01->CONST   000001B2 00000083  02  03->STRING 01->ref 0042
        KeyWord: [Obfuscated]0D 0A 09 09 3C 74 72 3E 0D 0A 09 09 3C 74 64 20 20 69 64 3D 74 69 6D 65 3E 0D 0A 09 09 4A 61 6D 20 73 65 72 76 65 72 20 73 61 61 74 20 69 6E 69 3A 20 3C 69 6E 70 75 74 20 0D 0A 09 09 74 79 70 65 3D 74 65 78 74 20 6E 61 6D 65 3D 6A 61 6D 20 69 64 3D 74 69 6D 65 69 6E 70 75 74 20 20 73 69 7A 65 3D 39 20 72 65 61 64 6F 6E 6C 79 20 3E 0D 0A 09 09 3C 2F 74 64 3E 3C 2F 74 72 3E 0D 0A 20 20 20 20 
----------------------------------------------------------------
[1] '[Obfuscated]0D 0A 20 20 3C 64 69 76 20 69 64 3D 22 64 61 74 65 74 69 6D 65 22 3E 0D 0A 20 20 09 3C 74 61 62 6C 65 20 20 69 64 3D 64 61 74 65 5F 74 69 6D 65 20 63 65 6C 6C 70 61 64 64 69 6E 67 3D 30 20 63 65 6C 6C 73 70 61 63 69 6E 67 3D 30 3E 0D 0A 09 
[2] '$w
[3] '$arrayhari
[4] '648
[5] '$w
[6] '768
[7] '$w
[8] '$arraybulan
[9] '960
[10] '$w
[11] 'ereg_sikad("MSIE",$HTTP_USER_AGENT)
[12] 'ereg_sikad("Opera",$HTTP_USER_AGENT)
....................................................................
Buf: echo "[Obfuscated]0D 0A 09 09 3C 74 72 3E 0D 0A 09 09 3C 74 64 20 20 69 64 3D 74 69 6D 65 3E 0D 0A 09 09 4A 61 6D 20 73 65 72 76 65 72 20 73 61 61 74 20 69 6E 69 3A 20 3C 69 6E 70 75 74 20 0D 0A 09 09 74 79 70 65 3D 74 65 78 74 20 6E 61 6D 65 3D 6A 61 6D 20 69 64 3D 74 69 6D 65 69 6E 70 75 74 20 20 73 69 7A 65 3D 39 20 72 65 61 64 6F 6E 6C 79 20 3E 0D 0A 09 09 3C 2F 74 64 3E 3C 2F 74 72 3E 0D 0A 20 20 20 20 "
______________________________________________________________________
#0050: 0x28 ZEND_ECHO   LineNo: 0x0000  Flags: 0x02()
op1   : 01->CONST   00000236 00000027  02  03->STRING 01->ref 0042
        KeyWord: [Obfuscated]0D 0A 09 09 3C 2F 74 61 62 6C 65 3E 0D 0A 20 20 09 3C 2F 64 69 76 3E 3C 21 2D 2D 64 61 74 65 74 69 6D 65 20 2D 2D 3E 
----------------------------------------------------------------
[1] '[Obfuscated]0D 0A 20 20 3C 64 69 76 20 69 64 3D 22 64 61 74 65 74 69 6D 65 22 3E 0D 0A 20 20 09 3C 74 61 62 6C 65 20 20 69 64 3D 64 61 74 65 5F 74 69 6D 65 20 63 65 6C 6C 70 61 64 64 69 6E 67 3D 30 20 63 65 6C 6C 73 70 61 63 69 6E 67 3D 30 3E 0D 0A 09 
[2] '$w
[3] '$arrayhari
[4] '648
[5] '$w
[6] '768
[7] '$w
[8] '$arraybulan
[9] '960
[10] '$w
[11] 'ereg_sikad("MSIE",$HTTP_USER_AGENT)
[12] 'ereg_sikad("Opera",$HTTP_USER_AGENT)
....................................................................
Buf: echo "[Obfuscated]0D 0A 09 09 3C 74 72 3E 0D 0A 09 09 3C 74 64 20 20 69 64 3D 74 69 6D 65 3E 0D 0A 09 09 4A 61 6D 20 73 65 72 76 65 72 20 73 61 61 74 20 69 6E 69 3A 20 3C 69 6E 70 75 74 20 0D 0A 09 09 74 79 70 65 3D 74 65 78 74 20 6E 61 6D 65 3D 6A 61 6D 20 69 64 3D 74 69 6D 65 69 6E 70 75 74 20 20 73 69 7A 65 3D 39 20 72 65 61 64 6F 6E 6C 79 20 3E 0D 0A 09 09 3C 2F 74 64 3E 3C 2F 74 72 3E 0D 0A 20 20 20 20 "echo "[Obfuscated]0D 0A 09 09 3C 2F 74 61 62 6C 65 3E 0D 0A 20 20 09 3C 2F 64 69 76 3E 3C 21 2D 2D 64 61 74 65 74 69 6D 65 20 2D 2D 3E "
______________________________________________________________________
#0051: 0x3E ZEND_RETURN   LineNo: 0x0000  Flags: 0x02()
op1   : 01->CONST   00000001 00000038  02  01->LONG   01->ref 0012
----------------------------------------------------------------
[1] '[Obfuscated]0D 0A 20 20 3C 64 69 76 20 69 64 3D 22 64 61 74 65 74 69 6D 65 22 3E 0D 0A 20 20 09 3C 74 61 62 6C 65 20 20 69 64 3D 64 61 74 65 5F 74 69 6D 65 20 63 65 6C 6C 70 61 64 64 69 6E 67 3D 30 20 63 65 6C 6C 73 70 61 63 69 6E 67 3D 30 3E 0D 0A 09 
[2] '$w
[3] '$arrayhari
[4] '648
[5] '$w
[6] '768
[7] '$w
[8] '$arraybulan
[9] '960
[10] '$w
[11] 'ereg_sikad("MSIE",$HTTP_USER_AGENT)
[12] 'ereg_sikad("Opera",$HTTP_USER_AGENT)
....................................................................
Buf: echo "[Obfuscated]0D 0A 09 09 3C 74 72 3E 0D 0A 09 09 3C 74 64 20 20 69 64 3D 74 69 6D 65 3E 0D 0A 09 09 4A 61 6D 20 73 65 72 76 65 72 20 73 61 61 74 20 69 6E 69 3A 20 3C 69 6E 70 75 74 20 0D 0A 09 09 74 79 70 65 3D 74 65 78 74 20 6E 61 6D 65 3D 6A 61 6D 20 69 64 3D 74 69 6D 65 69 6E 70 75 74 20 20 73 69 7A 65 3D 39 20 72 65 61 64 6F 6E 6C 79 20 3E 0D 0A 09 09 3C 2F 74 64 3E 3C 2F 74 72 3E 0D 0A 20 20 20 20 "echo "[Obfuscated]0D 0A 09 09 3C 2F 74 61 62 6C 65 3E 0D 0A 20 20 09 3C 2F 64 69 76 3E 3C 21 2D 2D 64 61 74 65 74 69 6D 65 20 2D 2D 3E "Return (1)
______________________________________________________________________
#0052: 0x95 ZEND_HANDLE_EXCEPTION   LineNo: 0x0000  Flags: 0x00()
______________________________________________________________________
ERR: Decompiling this function is finish but there's still data on the decompile stack ->Dumping that data now...
FunctionsCount: 0000
Classes: 0000
File sucessfully processes!

