========== Ioncube_Decoder 1.1.40  LogFile ==========

=========> S t a g e  0  -  Getting RawData (UnBase64-Raw.bin)

Opening C:\AppServ\www\siakad\tampilan\siteheaderclock.php
000003AF -> Start of ionCubeData...
00000959 -> 000005AA Bytes read.
IC_Base64_Marker: '4+oV' Decoding Base64->Bin...

=========> S t a g e  1  -  Validating RawData

ionCubeVersionType: 3CCC22E1 [Encrypted: 149FEC13]
ioncube_Version_Type 3

=========> S t a g e  2  -  Processing RawData

RawBinData_Size: 000007DD
FileSizeKey: 2395BB20 (RawBinData_Size + 12321) Xor &H23958CDE
Header_FileSizeKey: 2395B4DE
Header_FileSizeKey and FileSizeKey are different! (Difference: 00000642)
Note: RawBinData_Size calculate from Header_FileSizeKey is: 00000863  (Difference: 00000086)
Header_Size: 000000BE (InitKey for MT: C6CCEEAB)
Adler32_CRC for 'IC_Raw[0004]..[00DD]' and calculated MATCH. CRC: F1FB718C

=========> S t a g e  3  -  Extracting Header from RawData (->IC_Header.bin)


=========> S t a g e  4  -  Interpreting IC_Header

Minimum Loader Version: 00.00.00 (for ex. ioncube_loader_win_4.3.dll requires >0301010)
VerData 0x00000003
ObfuFlags 00000000 00000000

ObfuFuncHashSeed: 
Bytecode_XorKey: 0036928D
IncludeXorKey[should be 0xE9FC23B1]: E9FC23B1
LicenseFile: lisensi.txt
DisableCheckingOfLicenseRestrictions: 1
LicensePassphrase: lisensi
CustomErrCallbackHandler: 'ioncube_event_handler'
Enable_auto_prepend_Append_file: 0
Customised error messages entries: 0x00
Include file protection entries: 0x00
Adler32_CRC for '<?php //... ?>' and calculated MATCH. CRC: EB60391D
IC_HeaderEx start: 0086
IC_HeaderEx end: 00AE   IC_Header HeaderSize: 00BE

=========> S t a g e  5  -  Interpreting IC_HeaderEx

0001 <-IC_Type_Minor
0005 <-IC_Type_Major
The file [%s] was encoded with the PHP 5 ionCube Encoder, and requires PHP 5 to be installed.
00000CE7 <-PhpFlags
  0x0001  0001
  0x0002  0002 
  0x0004  0004 
  0x0020  Allow run with untrusted server extensions
  0x0040  PHP5_Body
  0x0080  CmdBytesAreEncrypted
  0x0400  EncryptStrings[KeyWord.c_Object] in memory during Compile& Execute
  0x0800  ObfuscateStripLineNumbers

IC Encoder Registration data(MemberID): 0x10050603  30754
Bytecode_MT_XorKey: 0036928D
Copy of IncludeXorKey in Header_MoreData: 0xE9FC23B1
unknown Data: 7D01A8C0 E3FC1B00 2690 00 00
EvalTimeMin: 10/5/2012 4:13:15 AM   1365BB54 '+0500DA46'=>506E5E5B seconds since 1.1.1970
EvalTimeMax: 10/5/2012 4:13:15 AM   4B6D8415 '+3D08A307'=>506E5E5B seconds since 1.1.1970
BodyStartOffset: 0x000000E5

=========> S t a g e  6  -  Extracting & Inflating IC_body from RawData (->IC_body.bin)

000000E9  Body_MT_Seed: A83EF6CC
000000ED  Bytecode_MT_Seed: 8D101EAB

=========> S t a g e  7  -  Reading IC_body.bin


=========> S t a g e  8  -  Read function body data

Reading Body
00000008 -> 00000002
S2[Fixed Size 0x70]:
0000007A ->  213C0A02
 Skipped3 ->  00000000
 FuncNameStart ->  00000000 61654820
 CmdData ->  00000000
 Args ->  00000000
 ArgsMin ->  00000000
 php4Extra ->  020B7848 68220064 01E6A470 023E5930 0000003F 0000003F
 Skipped1 ->  00000030 00000000 00000000
 PHPFileNamePtr ->  FFFFFFFF
 Php5-O1  00000000
 Php5-O1Count  00000000 00000000 00000000 00000000 72650000 022F1588 2D2D2073 200A0D3E 00000000 00000000
 
00000079 -> FunctionName:  function {MainFunction}
 
00000082 -> 0000003F<-CmdCount
byteCmds[Elementsize=0x2] Elements: 0000003F
Command(Encrypted)
------------------
0451
01AE
0417
047A
01E9
0687
09CE
0740
0709
0487
0177
069F
0747
07F2
04A8
04C8
013D
0659
09C7
07F0
07C2
05D5
074D
07F4
073D
0741
0587
07BE
0708
076F
0325
06A5
07DC
070B
053D
07A1
07FB
0717
078C
0710
0528
07BC
0737
0727
0794
050D
07AA
0781
0793
079A
0724
07EB
0797
05D8
0715
0782
0770
07A8
0769
0746
02F1
0230
0095
CmdParams[Elementsize=0x14] Elements: 00000093
Type      Op1       Op2       Flags5    Flags
---------------------------------------------
00000001   00000002   0000000B   00000002   00420103
00000004   00000000   00000001   00000000   00000000
00000001   FFFFFF4C   00000007   00000002   00420103
00000001   FFFFFDD8   00000004   00000002   00420103
00000004   00000030   00000000   00000000   00000000
00000004   00000030   00000008   00000000   00000000
00000008   00000001   00000000   00000000   00000000
00000004   00000048   00000000   00000000   00000000
00000004   00000018   00000000   00000000   00000000
00000001   0000000E   00000001   00000002   00420103
00000008   00000000   00000001   00000000   00000000
00000004   00000060   00000001   00000000   00000000
00000004   00000018   00000010   00000000   00000000
00000004   00000048   00000008   00000000   00000000
00000001   00000010   00000007   00000002   00420103
00000004   00000078   00000000   00000000   00000000
00000004   00000078   00000008   00000000   00000000
00000008   0000000E   00000000   00000000   00000000
00000004   00000090   00000000   00000000   00000000
00000001   00000018   00000005   00000002   00420103
00000008   00000000   00000001   00000000   00000000
00000004   000000A8   00000001   00000000   00000000
00000004   00000090   00000010   00000000   00000000
00000001   0000001E   00000023   00000002   00420103
00000001   FFFFFF4C   00000007   00000002   00420103
00000001   FFFFFDD8   00000004   00000002   00420103
00000004   000000D8   00000000   00000000   00000000
00000004   000000D8   00000008   00000000   00000000
00000008   00000001   00000000   00000000   00000000
00000004   000000F0   00000000   00000000   00000000
00000004   000000C0   00000000   00000000   00000000
00000001   00000042   00000003   00000002   00420103
00000008   00000000   00000001   00000000   00000000
00000004   00000108   00000001   00000000   00000000
00000004   000000C0   00000010   00000000   00000000
00000004   000000F0   00000008   00000000   00000000
00000002   00000138   00000000   00000000   00000000
00000001   00000046   00000004   00000002   00420103
00000004   00000120   00000000   00000000   00000000
00000001   0000004C   00000003   00000002   00420103
00000008   00000000   00000001   00000000   00000000
00000004   00000150   00000000   00000000   00000000
00000004   00000120   00000000   00000000   00000000
00000002   00000138   00000000   00000000   00000000
00000002   00000168   00000000   00000000   00000000
00000004   00000150   00000010   00000000   00000000
00000001   00000005   00000004   00000002   00420101
00000002   00000168   00000000   00000000   00000000
00000002   00000168   00000000   00000000   00000000
00000008   00000020   00000000   00000000   00000000
00000002   00000198   00000000   00000000   00000000
00000001   00000050   00000004   00000002   00420103
00000004   00000180   00000000   00000000   00000000
00000001   00000056   00000003   00000002   00420103
00000008   00000000   00000001   00000000   00000000
00000004   000001B0   00000000   00000000   00000000
00000004   00000180   00000000   00000000   00000000
00000002   00000198   00000000   00000000   00000000
00000002   000001C8   00000000   00000000   00000000
00000004   000001B0   00000010   00000000   00000000
00000001   00000006   00000004   00000002   00420101
00000002   00000168   00000000   00000000   00000000
00000002   000001C8   00000000   00000000   00000000
00000002   00000168   00000000   00000000   00000000
00000008   00000022   00000000   00000000   00000000
00000004   000001E0   00000000   00000000   00000000
00000001   0000005A   00000003   00000002   00420103
00000008   00000000   00000001   00000000   00000000
00000004   000001F8   00000001   00000000   00000000
00000004   000001E0   00000010   00000000   00000000
00000001   0000005E   00000001   00000002   00420103
00000002   00000240   00000000   00000000   00000000
00000001   00000060   00000004   00000002   00420103
00000004   00000228   00000000   00000000   00000000
00000001   00000066   00000001   00000002   00420103
00000008   00000000   00000001   00000000   00000000
00000004   00000258   00000000   00000000   00000000
00000004   00000228   00000000   00000000   00000000
00000002   00000240   00000000   00000000   00000000
00000004   00000210   00000000   00000000   00000000
00000001   00000068   00000009   00000002   00420103
00000008   00000000   00000001   00000000   00000000
00000004   00000270   00000000   00000000   00000000
00000004   00000210   00000000   00000000   00000000
00000004   00000258   00000010   00000000   00000000
00000002   00000288   00000000   00000000   00000000
00000004   00000270   00000010   00000000   00000000
00000001   00000072   00000002   00000002   00420103
00000002   000002B8   00000000   00000000   00000000
00000001   00000076   00000004   00000002   00420103
00000004   000002A0   00000000   00000000   00000000
00000001   0000007C   00000001   00000002   00420103
00000008   00000000   00000001   00000000   00000000
00000004   000002D0   00000000   00000000   00000000
00000004   000002A0   00000000   00000000   00000000
00000002   000002B8   00000000   00000000   00000000
00000002   000002E8   00000000   00000000   00000000
00000002   00000288   00000000   00000000   00000000
00000004   000002D0   00000010   00000000   00000000
00000002   00000300   00000000   00000000   00000000
00000002   000002E8   00000000   00000000   00000000
00000001   0000007E   00000001   00000002   00420103
00000002   00000348   00000000   00000000   00000000
00000001   00000080   00000003   00000002   00420103
00000004   00000330   00000000   00000000   00000000
00000001   00000084   00000001   00000002   00420103
00000008   00000000   00000001   00000000   00000000
00000004   00000360   00000000   00000000   00000000
00000004   00000330   00000000   00000000   00000000
00000002   00000348   00000000   00000000   00000000
00000002   00000378   00000000   00000000   00000000
00000004   00000360   00000010   00000000   00000000
00000001   00000001   00000003   00000002   00420101
00000004   00000318   00000000   00000000   00000000
00000001   00000086   0000000A   00000002   00420103
00000008   00000000   00000001   00000000   00000000
00000004   00000390   00000000   00000000   00000000
00000004   00000318   00000000   00000000   00000000
00000002   00000378   00000000   00000000   00000000
00000002   000003A8   00000000   00000000   00000000
00000002   00000300   00000000   00000000   00000000
00000004   00000390   00000010   00000000   00000000
00000002   000003C0   00000000   00000000   00000000
00000002   000003A8   00000000   00000000   00000000
00000001   00000092   00000001   00000002   00420103
00000002   000003F0   00000000   00000000   00000000
00000001   00000094   00000004   00000002   00420103
00000004   000003D8   00000000   00000000   00000000
00000001   0000009A   00000001   00000002   00420103
00000008   00000000   00000001   00000000   00000000
00000004   00000408   00000000   00000000   00000000
00000004   000003D8   00000000   00000000   00000000
00000002   000003F0   00000000   00000000   00000000
00000002   00000420   00000000   00000000   00000000
00000002   000003C0   00000000   00000000   00000000
00000004   00000408   00000010   00000000   00000000
00000002   00000438   00000000   00000000   00000000
00000002   00000420   00000000   00000000   00000000
00000001   0000009C   00000001   00000002   00420103
00000004   00000450   00000000   00000000   00000000
00000001   0000009E   00000005   00000002   00420103
00000008   00000000   00000001   00000000   00000000
00000002   00000468   00000000   00000000   00000000
00000002   00000438   00000000   00000000   00000000
00000004   00000450   00000010   00000000   00000000
00000002   00000468   00000000   00000000   00000000
00000001   00000001   00000038   00000002   00120101
StringData [000000A4]
00000D2C -> C0 DE 70 65 72 69 6B 73 61 72 6F 6F 74 00 77 00 69 73 6C 69 62 75 72 00 6C 69 62 75 72 00 3C 66 6F 6E 74 20 63 6F 6C 6F 72 3D 23 66 66 33 33 33 33 3E 20 28 4C 69 62 75 72 29 3C 2F 66 6F 6E 74 3E 00 6E 6F 77 00 77 64 61 79 00 00 6E 6F 77 00 77 64 61 79 00 00 6E 6F 77 00 64 75 61 00 32 00 77 64 61 79 00 00 77 00 61 72 72 61 79 68 61 72 69 00 2C 20 00 00 6D 64 61 79 00 00 77 00 20 00 6D 6F 6E 00 77 00 61 72 72 61 79 62 75 6C 61 6E 00 00 20 00 79 65 61 72 00 00 77 00 20 00 6C 69 62 75 72 00 
ÀÞperiksaroot.w.islibur.libur.<font color=#ff3333> (Libur)</font>.now.wday..now.wday..now.dua.2.wday..w.arrayhari., ..mday..w. .mon.w.arraybulan.. .year..w. .libur.
Length of unprocessed data: 00000004

=========> S t a g e  9  -  Interpreting IC_body/ByteCode

#0000: 0x3B ZEND_INIT_FCALL_BY_NAME   LineNo: 0x0000  Flags: 0x04()
op2   : 01->CONST   00000002 0000000B  02  03->STRING 01->ref 0042
        KeyWord: periksaroot
----------------------------------------------------------------
[1] 'periksaroot
....................................................................
Buf: Return (1)
______________________________________________________________________
#0001: 0x3D ZEND_DO_FCALL_BY_NAME   LineNo: 0x0000  Flags: 0x01()
result: 04->VAR     00000000 00000001  00  00->NULL   00->val 0000
====================================================================
Return (1)periksaroot();
______________________________________________________________________
#0002: 0x3B ZEND_INIT_FCALL_BY_NAME   LineNo: 0x0000  Flags: 0x04()
op2   : 01->CONST   FFFFFF4C 00000007  02  03->STRING 01->ref 0042
        KeyWord: getdate
----------------------------------------------------------------
[1] 'getdate
______________________________________________________________________
#0003: 0x3B ZEND_INIT_FCALL_BY_NAME   LineNo: 0x0000  Flags: 0x04()
op2   : 01->CONST   FFFFFDD8 00000004  02  03->STRING 01->ref 0042
        KeyWord: time
----------------------------------------------------------------
[1] 'getdate
[2] 'time
______________________________________________________________________
#0004: 0x3D ZEND_DO_FCALL_BY_NAME   LineNo: 0x0000  Flags: 0x01()
result: 04->VAR     00000030 00000000  00  00->NULL   00->val 0000
----------------------------------------------------------------
[1] 'getdate
[2] 'time()
______________________________________________________________________
#0005: 0x6A ZEND_SEND_VAR_NO_REF   LineNo: 0x0000  Flags: 0x06()
op1   : 04->VAR     00000030 00000008  00  00->NULL   00->val 0000
op2   : 08->UNUSED  00000001 00000000  00  00->NULL   00->val 0000
----------------------------------------------------------------
[1] 'getdate
[2] 'time()
______________________________________________________________________
#0006: 0x3D ZEND_DO_FCALL_BY_NAME   LineNo: 0x0000  Flags: 0x09()
result: 04->VAR     00000048 00000000  00  00->NULL   00->val 0000
        extended_value(from Flag): 0001
----------------------------------------------------------------
[1] 'getdate
[2] 'time()()
______________________________________________________________________
#0007: 0x53 ZEND_FETCH_W   LineNo: 0x0000  Flags: 0x07()
result: 04->VAR     00000018 00000000  00  00->NULL   00->val 0000
op1   : 01->CONST   0000000E 00000001  02  03->STRING 01->ref 0042
        KeyWord: w
op2   : 08->UNUSED  00000000 00000001  00  00->NULL   00->val 0000
----------------------------------------------------------------
[1] 'getdate
[2] 'time()()
[3] '$w
______________________________________________________________________
#0008: 0x26 ZEND_ASSIGN   LineNo: 0x0000  Flags: 0x07()
result: 04->VAR     00000060 00000001  00  00->NULL   00->val 0000
op1   : 04->VAR     00000018 00000010  00  00->NULL   00->val 0000
op2   : 04->VAR     00000048 00000008  00  00->NULL   00->val 0000
----------------------------------------------------------------
[1] 'getdate
Correcting Stack error...
====================================================================
$w=time()()getdate;
______________________________________________________________________
#0009: 0x3B ZEND_INIT_FCALL_BY_NAME   LineNo: 0x0000  Flags: 0x04()
op2   : 01->CONST   00000010 00000007  02  03->STRING 01->ref 0042
        KeyWord: islibur
----------------------------------------------------------------
[1] 'islibur
______________________________________________________________________
#000A: 0x3D ZEND_DO_FCALL_BY_NAME   LineNo: 0x0000  Flags: 0x01()
result: 04->VAR     00000078 00000000  00  00->NULL   00->val 0000
----------------------------------------------------------------
[1] 'islibur()
______________________________________________________________________
#000B: 0x2B ZEND_JMPZ   LineNo: 0x0000  Flags: 0x06()
op1   : 04->VAR     00000078 00000008  00  00->NULL   00->val 0000
op2   : 08->UNUSED  0000000E 00000000  00  00->NULL   00->val 0000
....................................................................
Comment: Conditional jmp to #0000000E
====================================================================
while (islibur()) {
______________________________________________________________________
#000C: 0x53 ZEND_FETCH_W   LineNo: 0x0000  Flags: 0x07()
result: 04->VAR     00000090 00000000  00  00->NULL   00->val 0000
op1   : 01->CONST   00000018 00000005  02  03->STRING 01->ref 0042
        KeyWord: libur
op2   : 08->UNUSED  00000000 00000001  00  00->NULL   00->val 0000
----------------------------------------------------------------
[1] '$libur
______________________________________________________________________
#000D: 0x26 ZEND_ASSIGN   LineNo: 0x0000  Flags: 0x07()
result: 04->VAR     000000A8 00000001  00  00->NULL   00->val 0000
op1   : 04->VAR     00000090 00000010  00  00->NULL   00->val 0000
op2   : 01->CONST   0000001E 00000023  02  03->STRING 01->ref 0042
        KeyWord: <font color=#ff3333> (Libur)</font>
====================================================================
$libur="<font color=#ff3333> (Libur)</font>";
}
______________________________________________________________________
#000E: 0x3B ZEND_INIT_FCALL_BY_NAME   LineNo: 0x0000  Flags: 0x04()
op2   : 01->CONST   FFFFFF4C 00000007  02  03->STRING 01->ref 0042
        KeyWord: getdate
----------------------------------------------------------------
[1] 'getdate
______________________________________________________________________
#000F: 0x3B ZEND_INIT_FCALL_BY_NAME   LineNo: 0x0000  Flags: 0x04()
op2   : 01->CONST   FFFFFDD8 00000004  02  03->STRING 01->ref 0042
        KeyWord: time
----------------------------------------------------------------
[1] 'getdate
[2] 'time
______________________________________________________________________
#0010: 0x95 ZEND_HANDLE_EXCEPTION   LineNo: 0x0000  Flags: 0x01()
result: 04->VAR     000000D8 00000000  00  00->NULL   00->val 0000
----------------------------------------------------------------
[1] 'getdate
[2] 'time
______________________________________________________________________
#0011: 0x6A ZEND_SEND_VAR_NO_REF   LineNo: 0x0000  Flags: 0x06()
op1   : 04->VAR     000000D8 00000008  00  00->NULL   00->val 0000
op2   : 08->UNUSED  00000001 00000000  00  00->NULL   00->val 0000
----------------------------------------------------------------
[1] 'getdate
[2] 'time
______________________________________________________________________
#0012: 0x3D ZEND_DO_FCALL_BY_NAME   LineNo: 0x0000  Flags: 0x09()
result: 04->VAR     000000F0 00000000  00  00->NULL   00->val 0000
        extended_value(from Flag): 0001
----------------------------------------------------------------
[1] 'getdate
[2] 'time()
______________________________________________________________________
#0013: 0x53 ZEND_FETCH_W   LineNo: 0x0000  Flags: 0x07()
result: 04->VAR     000000C0 00000000  00  00->NULL   00->val 0000
op1   : 01->CONST   00000042 00000003  02  03->STRING 01->ref 0042
        KeyWord: now
op2   : 08->UNUSED  00000000 00000001  00  00->NULL   00->val 0000
----------------------------------------------------------------
[1] 'getdate
[2] 'time()
[3] '$now
______________________________________________________________________
#0014: 0x26 ZEND_ASSIGN   LineNo: 0x0000  Flags: 0x07()
result: 04->VAR     00000108 00000001  00  00->NULL   00->val 0000
op1   : 04->VAR     000000C0 00000010  00  00->NULL   00->val 0000
op2   : 04->VAR     000000F0 00000008  00  00->NULL   00->val 0000
----------------------------------------------------------------
[1] 'getdate
Correcting Stack error...
====================================================================
$now=time()getdate;
______________________________________________________________________
#0015: 0x63 ZEND_FETCH_CONSTANT   LineNo: 0x0000  Flags: 0x05()
result: 02->TMP_VAR 00000138 00000000  00  00->NULL   00->val 0000
op2   : 01->CONST   00000046 00000004  02  03->STRING 01->ref 0042
        KeyWord: wday
----------------------------------------------------------------
[1] '192
______________________________________________________________________
#0016: 0x50 ZEND_FETCH_R   LineNo: 0x0000  Flags: 0x07()
result: 04->VAR     00000120 00000000  00  00->NULL   00->val 0000
op1   : 01->CONST   0000004C 00000003  02  03->STRING 01->ref 0042
        KeyWord: now
op2   : 08->UNUSED  00000000 00000001  00  00->NULL   00->val 0000
----------------------------------------------------------------
[1] '192
[2] '$now
______________________________________________________________________
#0017: 0x51 ZEND_FETCH_DIM_R   LineNo: 0x0000  Flags: 0x07()
result: 04->VAR     00000150 00000000  00  00->NULL   00->val 0000
op1   : 04->VAR     00000120 00000000  00  00->NULL   00->val 0000
op2   : 02->TMP_VAR 00000138 00000000  00  00->NULL   00->val 0000
----------------------------------------------------------------
[1] '192
[2] '$now
______________________________________________________________________
#0018: 0x11 ZEND_IS_EQUAL   LineNo: 0x0000  Flags: 0x07()
result: 02->TMP_VAR 00000168 00000000  00  00->NULL   00->val 0000
op1   : 04->VAR     00000150 00000010  00  00->NULL   00->val 0000
op2   : 01->CONST   00000005 00000004  02  01->LONG   01->ref 0042
----------------------------------------------------------------
[1] '192
[2] '$now
______________________________________________________________________
#0019: 0x2F ZEND_JMPNZ_EX   LineNo: 0x0000  Flags: 0x07()
result: 02->TMP_VAR 00000168 00000000  00  00->NULL   00->val 0000
op1   : 02->TMP_VAR 00000168 00000000  00  00->NULL   00->val 0000
op2   : 08->UNUSED  00000020 00000000  00  00->NULL   00->val 0000
----------------------------------------------------------------
[1] '192
[2] '$now
______________________________________________________________________
#001A: 0x63 ZEND_FETCH_CONSTANT   LineNo: 0x0000  Flags: 0x05()
result: 02->TMP_VAR 00000198 00000000  00  00->NULL   00->val 0000
op2   : 01->CONST   00000050 00000004  02  03->STRING 01->ref 0042
        KeyWord: wday
----------------------------------------------------------------
[1] '192
[2] '$now
[3] '360
______________________________________________________________________
#001B: 0x50 ZEND_FETCH_R   LineNo: 0x0000  Flags: 0x07()
result: 04->VAR     00000180 00000000  00  00->NULL   00->val 0000
op1   : 01->CONST   00000056 00000003  02  03->STRING 01->ref 0042
        KeyWord: now
op2   : 08->UNUSED  00000000 00000001  00  00->NULL   00->val 0000
----------------------------------------------------------------
[1] '192
[2] '$now
[3] '360
[4] '$now
______________________________________________________________________
#001C: 0x51 ZEND_FETCH_DIM_R   LineNo: 0x0000  Flags: 0x07()
result: 04->VAR     000001B0 00000000  00  00->NULL   00->val 0000
op1   : 04->VAR     00000180 00000000  00  00->NULL   00->val 0000
op2   : 02->TMP_VAR 00000198 00000000  00  00->NULL   00->val 0000
----------------------------------------------------------------
[1] '192
[2] '$now
[3] '360
[4] '$now
______________________________________________________________________
#001D: 0x11 ZEND_IS_EQUAL   LineNo: 0x0000  Flags: 0x07()
result: 02->TMP_VAR 000001C8 00000000  00  00->NULL   00->val 0000
op1   : 04->VAR     000001B0 00000010  00  00->NULL   00->val 0000
op2   : 01->CONST   00000006 00000004  02  01->LONG   01->ref 0042
----------------------------------------------------------------
[1] '192
[2] '$now
[3] '360
[4] '$now
______________________________________________________________________
#001E: 0x34 ZEND_BOOL   LineNo: 0x0000  Flags: 0x03()
result: 02->TMP_VAR 00000168 00000000  00  00->NULL   00->val 0000
op1   : 02->TMP_VAR 000001C8 00000000  00  00->NULL   00->val 0000
----------------------------------------------------------------
[1] '192
[2] '$now
[3] '360
[4] '$now
______________________________________________________________________
#001F: 0x2B ZEND_JMPZ   LineNo: 0x0000  Flags: 0x06()
op1   : 02->TMP_VAR 00000168 00000000  00  00->NULL   00->val 0000
op2   : 08->UNUSED  00000022 00000000  00  00->NULL   00->val 0000
----------------------------------------------------------------
[1] '192
[2] '$now
[3] '360
[4] '$now
....................................................................
Comment: Conditional jmp to #00000022
______________________________________________________________________
#0020: 0x53 ZEND_FETCH_W   LineNo: 0x0000  Flags: 0x07()
result: 04->VAR     000001E0 00000000  00  00->NULL   00->val 0000
op1   : 01->CONST   0000005A 00000003  02  03->STRING 01->ref 0042
        KeyWord: dua
op2   : 08->UNUSED  00000000 00000001  00  00->NULL   00->val 0000
----------------------------------------------------------------
[1] '192
[2] '$now
[3] '360
[4] '$now
[5] '$dua
______________________________________________________________________
#0021: 0x26 ZEND_ASSIGN   LineNo: 0x0000  Flags: 0x07()
result: 04->VAR     000001F8 00000001  00  00->NULL   00->val 0000
op1   : 04->VAR     000001E0 00000010  00  00->NULL   00->val 0000
op2   : 01->CONST   0000005E 00000001  02  03->STRING 01->ref 0042
        KeyWord: 2
----------------------------------------------------------------
[1] '192
[2] '$now
[3] '360
[4] '$now
Correcting Stack error...
====================================================================
$dua="2"$now360$now192;
______________________________________________________________________
#0022: 0x63 ZEND_FETCH_CONSTANT   LineNo: 0x0000  Flags: 0x05()
result: 02->TMP_VAR 00000240 00000000  00  00->NULL   00->val 0000
op2   : 01->CONST   00000060 00000004  02  03->STRING 01->ref 0042
        KeyWord: wday
----------------------------------------------------------------
[1] '480
______________________________________________________________________
#0023: 0x50 ZEND_FETCH_R   LineNo: 0x0000  Flags: 0x07()
result: 04->VAR     00000228 00000000  00  00->NULL   00->val 0000
op1   : 01->CONST   00000066 00000001  02  03->STRING 01->ref 0042
        KeyWord: w
op2   : 08->UNUSED  00000000 00000001  00  00->NULL   00->val 0000
----------------------------------------------------------------
[1] '480
[2] '$w
______________________________________________________________________
#0024: 0x51 ZEND_FETCH_DIM_R   LineNo: 0x0000  Flags: 0x07()
result: 04->VAR     00000258 00000000  00  00->NULL   00->val 0000
op1   : 04->VAR     00000228 00000000  00  00->NULL   00->val 0000
op2   : 02->TMP_VAR 00000240 00000000  00  00->NULL   00->val 0000
----------------------------------------------------------------
[1] '480
[2] '$w
______________________________________________________________________
#0025: 0x50 ZEND_FETCH_R   LineNo: 0x0000  Flags: 0x07()
result: 04->VAR     00000210 00000000  00  00->NULL   00->val 0000
op1   : 01->CONST   00000068 00000009  02  03->STRING 01->ref 0042
        KeyWord: arrayhari
op2   : 08->UNUSED  00000000 00000001  00  00->NULL   00->val 0000
----------------------------------------------------------------
[1] '480
[2] '$w
[3] '$arrayhari
______________________________________________________________________
#0026: 0x51 ZEND_FETCH_DIM_R   LineNo: 0x0000  Flags: 0x07()
result: 04->VAR     00000270 00000000  00  00->NULL   00->val 0000
op1   : 04->VAR     00000210 00000000  00  00->NULL   00->val 0000
op2   : 04->VAR     00000258 00000010  00  00->NULL   00->val 0000
----------------------------------------------------------------
[1] '480
[2] '$w
[3] '$arrayhari
______________________________________________________________________
#0027: 0x08 ZEND_CONCAT   LineNo: 0x0000  Flags: 0x07()
result: 02->TMP_VAR 00000288 00000000  00  00->NULL   00->val 0000
op1   : 04->VAR     00000270 00000010  00  00->NULL   00->val 0000
op2   : 01->CONST   00000072 00000002  02  03->STRING 01->ref 0042
        KeyWord: , 
----------------------------------------------------------------
[1] '480
[2] '$w
[3] '$arrayhari
______________________________________________________________________
#0028: 0x63 ZEND_FETCH_CONSTANT   LineNo: 0x0000  Flags: 0x05()
result: 02->TMP_VAR 000002B8 00000000  00  00->NULL   00->val 0000
op2   : 01->CONST   00000076 00000004  02  03->STRING 01->ref 0042
        KeyWord: mday
----------------------------------------------------------------
[1] '480
[2] '$w
[3] '$arrayhari
[4] '624
______________________________________________________________________
#0029: 0x50 ZEND_FETCH_R   LineNo: 0x0000  Flags: 0x07()
result: 04->VAR     000002A0 00000000  00  00->NULL   00->val 0000
op1   : 01->CONST   0000007C 00000001  02  03->STRING 01->ref 0042
        KeyWord: w
op2   : 08->UNUSED  00000000 00000001  00  00->NULL   00->val 0000
----------------------------------------------------------------
[1] '480
[2] '$w
[3] '$arrayhari
[4] '624
[5] '$w
______________________________________________________________________
#002A: 0x51 ZEND_FETCH_DIM_R   LineNo: 0x0000  Flags: 0x07()
result: 04->VAR     000002D0 00000000  00  00->NULL   00->val 0000
op1   : 04->VAR     000002A0 00000000  00  00->NULL   00->val 0000
op2   : 02->TMP_VAR 000002B8 00000000  00  00->NULL   00->val 0000
----------------------------------------------------------------
[1] '480
[2] '$w
[3] '$arrayhari
[4] '624
[5] '$w
______________________________________________________________________
#002B: 0x08 ZEND_CONCAT   LineNo: 0x0000  Flags: 0x07()
result: 02->TMP_VAR 000002E8 00000000  00  00->NULL   00->val 0000
op1   : 02->TMP_VAR 00000288 00000000  00  00->NULL   00->val 0000
op2   : 04->VAR     000002D0 00000010  00  00->NULL   00->val 0000
----------------------------------------------------------------
[1] '480
[2] '$w
[3] '$arrayhari
[4] '624
[5] '$w
______________________________________________________________________
#002C: 0x08 ZEND_CONCAT   LineNo: 0x0000  Flags: 0x07()
result: 02->TMP_VAR 00000300 00000000  00  00->NULL   00->val 0000
op1   : 02->TMP_VAR 000002E8 00000000  00  00->NULL   00->val 0000
op2   : 01->CONST   0000007E 00000001  02  03->STRING 01->ref 0042
        KeyWord:  
----------------------------------------------------------------
[1] '480
[2] '$w
[3] '$arrayhari
[4] '624
[5] '$w
______________________________________________________________________
#002D: 0x63 ZEND_FETCH_CONSTANT   LineNo: 0x0000  Flags: 0x05()
result: 02->TMP_VAR 00000348 00000000  00  00->NULL   00->val 0000
op2   : 01->CONST   00000080 00000003  02  03->STRING 01->ref 0042
        KeyWord: mon
----------------------------------------------------------------
[1] '480
[2] '$w
[3] '$arrayhari
[4] '624
[5] '$w
[6] '744
______________________________________________________________________
#002E: 0x50 ZEND_FETCH_R   LineNo: 0x0000  Flags: 0x07()
result: 04->VAR     00000330 00000000  00  00->NULL   00->val 0000
op1   : 01->CONST   00000084 00000001  02  03->STRING 01->ref 0042
        KeyWord: w
op2   : 08->UNUSED  00000000 00000001  00  00->NULL   00->val 0000
----------------------------------------------------------------
[1] '480
[2] '$w
[3] '$arrayhari
[4] '624
[5] '$w
[6] '744
[7] '$w
______________________________________________________________________
#002F: 0x51 ZEND_FETCH_DIM_R   LineNo: 0x0000  Flags: 0x07()
result: 04->VAR     00000360 00000000  00  00->NULL   00->val 0000
op1   : 04->VAR     00000330 00000000  00  00->NULL   00->val 0000
op2   : 02->TMP_VAR 00000348 00000000  00  00->NULL   00->val 0000
----------------------------------------------------------------
[1] '480
[2] '$w
[3] '$arrayhari
[4] '624
[5] '$w
[6] '744
[7] '$w
______________________________________________________________________
#0030: 0x02 ZEND_SUB   LineNo: 0x0000  Flags: 0x07()
result: 02->TMP_VAR 00000378 00000000  00  00->NULL   00->val 0000
op1   : 04->VAR     00000360 00000010  00  00->NULL   00->val 0000
op2   : 01->CONST   00000001 00000003  02  01->LONG   01->ref 0042
----------------------------------------------------------------
[1] '480
[2] '$w
[3] '$arrayhari
[4] '624
[5] '$w
[6] '744
[7] '$w
______________________________________________________________________
#0031: 0x50 ZEND_FETCH_R   LineNo: 0x0000  Flags: 0x07()
result: 04->VAR     00000318 00000000  00  00->NULL   00->val 0000
op1   : 01->CONST   00000086 0000000A  02  03->STRING 01->ref 0042
        KeyWord: arraybulan
op2   : 08->UNUSED  00000000 00000001  00  00->NULL   00->val 0000
----------------------------------------------------------------
[1] '480
[2] '$w
[3] '$arrayhari
[4] '624
[5] '$w
[6] '744
[7] '$w
[8] '$arraybulan
______________________________________________________________________
#0032: 0x51 ZEND_FETCH_DIM_R   LineNo: 0x0000  Flags: 0x07()
result: 04->VAR     00000390 00000000  00  00->NULL   00->val 0000
op1   : 04->VAR     00000318 00000000  00  00->NULL   00->val 0000
op2   : 02->TMP_VAR 00000378 00000000  00  00->NULL   00->val 0000
----------------------------------------------------------------
[1] '480
[2] '$w
[3] '$arrayhari
[4] '624
[5] '$w
[6] '744
[7] '$w
[8] '$arraybulan
______________________________________________________________________
#0033: 0x08 ZEND_CONCAT   LineNo: 0x0000  Flags: 0x07()
result: 02->TMP_VAR 000003A8 00000000  00  00->NULL   00->val 0000
op1   : 02->TMP_VAR 00000300 00000000  00  00->NULL   00->val 0000
op2   : 04->VAR     00000390 00000010  00  00->NULL   00->val 0000
----------------------------------------------------------------
[1] '480
[2] '$w
[3] '$arrayhari
[4] '624
[5] '$w
[6] '744
[7] '$w
[8] '$arraybulan
______________________________________________________________________
#0034: 0x08 ZEND_CONCAT   LineNo: 0x0000  Flags: 0x07()
result: 02->TMP_VAR 000003C0 00000000  00  00->NULL   00->val 0000
op1   : 02->TMP_VAR 000003A8 00000000  00  00->NULL   00->val 0000
op2   : 01->CONST   00000092 00000001  02  03->STRING 01->ref 0042
        KeyWord:  
----------------------------------------------------------------
[1] '480
[2] '$w
[3] '$arrayhari
[4] '624
[5] '$w
[6] '744
[7] '$w
[8] '$arraybulan
______________________________________________________________________
#0035: 0x63 ZEND_FETCH_CONSTANT   LineNo: 0x0000  Flags: 0x05()
result: 02->TMP_VAR 000003F0 00000000  00  00->NULL   00->val 0000
op2   : 01->CONST   00000094 00000004  02  03->STRING 01->ref 0042
        KeyWord: year
----------------------------------------------------------------
[1] '480
[2] '$w
[3] '$arrayhari
[4] '624
[5] '$w
[6] '744
[7] '$w
[8] '$arraybulan
[9] '936
______________________________________________________________________
#0036: 0x50 ZEND_FETCH_R   LineNo: 0x0000  Flags: 0x07()
result: 04->VAR     000003D8 00000000  00  00->NULL   00->val 0000
op1   : 01->CONST   0000009A 00000001  02  03->STRING 01->ref 0042
        KeyWord: w
op2   : 08->UNUSED  00000000 00000001  00  00->NULL   00->val 0000
----------------------------------------------------------------
[1] '480
[2] '$w
[3] '$arrayhari
[4] '624
[5] '$w
[6] '744
[7] '$w
[8] '$arraybulan
[9] '936
[10] '$w
______________________________________________________________________
#0037: 0x51 ZEND_FETCH_DIM_R   LineNo: 0x0000  Flags: 0x07()
result: 04->VAR     00000408 00000000  00  00->NULL   00->val 0000
op1   : 04->VAR     000003D8 00000000  00  00->NULL   00->val 0000
op2   : 02->TMP_VAR 000003F0 00000000  00  00->NULL   00->val 0000
----------------------------------------------------------------
[1] '480
[2] '$w
[3] '$arrayhari
[4] '624
[5] '$w
[6] '744
[7] '$w
[8] '$arraybulan
[9] '936
[10] '$w
______________________________________________________________________
#0038: 0x08 ZEND_CONCAT   LineNo: 0x0000  Flags: 0x07()
result: 02->TMP_VAR 00000420 00000000  00  00->NULL   00->val 0000
op1   : 02->TMP_VAR 000003C0 00000000  00  00->NULL   00->val 0000
op2   : 04->VAR     00000408 00000010  00  00->NULL   00->val 0000
----------------------------------------------------------------
[1] '480
[2] '$w
[3] '$arrayhari
[4] '624
[5] '$w
[6] '744
[7] '$w
[8] '$arraybulan
[9] '936
[10] '$w
______________________________________________________________________
#0039: 0x08 ZEND_CONCAT   LineNo: 0x0000  Flags: 0x07()
result: 02->TMP_VAR 00000438 00000000  00  00->NULL   00->val 0000
op1   : 02->TMP_VAR 00000420 00000000  00  00->NULL   00->val 0000
op2   : 01->CONST   0000009C 00000001  02  03->STRING 01->ref 0042
        KeyWord:  
----------------------------------------------------------------
[1] '480
[2] '$w
[3] '$arrayhari
[4] '624
[5] '$w
[6] '744
[7] '$w
[8] '$arraybulan
[9] '936
[10] '$w
______________________________________________________________________
#003A: 0x50 ZEND_FETCH_R   LineNo: 0x0000  Flags: 0x07()
result: 04->VAR     00000450 00000000  00  00->NULL   00->val 0000
op1   : 01->CONST   0000009E 00000005  02  03->STRING 01->ref 0042
        KeyWord: libur
op2   : 08->UNUSED  00000000 00000001  00  00->NULL   00->val 0000
----------------------------------------------------------------
[1] '480
[2] '$w
[3] '$arrayhari
[4] '624
[5] '$w
[6] '744
[7] '$w
[8] '$arraybulan
[9] '936
[10] '$w
[11] '$libur
______________________________________________________________________
#003B: 0x08 ZEND_CONCAT   LineNo: 0x0000  Flags: 0x07()
result: 02->TMP_VAR 00000468 00000000  00  00->NULL   00->val 0000
op1   : 02->TMP_VAR 00000438 00000000  00  00->NULL   00->val 0000
op2   : 04->VAR     00000450 00000010  00  00->NULL   00->val 0000
----------------------------------------------------------------
[1] '480
[2] '$w
[3] '$arrayhari
[4] '624
[5] '$w
[6] '744
[7] '$w
[8] '$arraybulan
[9] '936
[10] '$w
[11] '$libur
______________________________________________________________________
#003C: 0x28 ZEND_ECHO   LineNo: 0x0000  Flags: 0x02()
op1   : 02->TMP_VAR 00000468 00000000  00  00->NULL   00->val 0000
----------------------------------------------------------------
[1] '480
[2] '$w
[3] '$arrayhari
[4] '624
[5] '$w
[6] '744
[7] '$w
[8] '$arraybulan
[9] '936
[10] '$w
[11] '$libur
______________________________________________________________________
#003D: 0x3E ZEND_RETURN   LineNo: 0x0000  Flags: 0x02()
op1   : 01->CONST   00000001 00000038  02  01->LONG   01->ref 0012
----------------------------------------------------------------
[1] '480
[2] '$w
[3] '$arrayhari
[4] '624
[5] '$w
[6] '744
[7] '$w
[8] '$arraybulan
[9] '936
[10] '$w
[11] '$libur
....................................................................
Buf: Return (1)
______________________________________________________________________
#003E: 0x95 ZEND_HANDLE_EXCEPTION   LineNo: 0x0000  Flags: 0x00()
______________________________________________________________________
ERR: Decompiling this function is finish but there's still data on the decompile stack ->Dumping that data now...
FunctionsCount: 0000
Classes: 0000
File sucessfully processes!

